If using this program in your academic research , please cite:
 Tomic D., Skala K., Kranjcevic L., Pirkic B., Stifter S., et al. (2018) Evaluation of the Efficacy of Cancer Drugs by Using the Second Largest Eigenvalue of Metabolic Cancer Pathways. J Comput Sci Syst Biol 11: 240-248. doi:10.4172/jcsb.1000280

Processing hsa05216 metabolic pathway
Analysis of therapy level  1 started at Sub Srp 10 07:43:20 CEST 2021
Preparing initial receptor / relation files.......................done.
Expanding receptor file............................................................................done.
finalizing receptor file, please wait...
number of entries in pathway is 47
KEGG entry 1 is a gene encoding protein P01112 with structure. Checking if in repo... yes. Adding P01112 to /scratch/IRB/ddavidovic//receptors_contracted with E flag.
KEGG entry 2 is a gene encoding protein P01116 with structure. Checking if in repo... yes. Adding P01116 to /scratch/IRB/ddavidovic//receptors_contracted with E flag.
KEGG entry 3 is a gene encoding protein P01111 with structure. Checking if in repo... yes. Adding P01111 to /scratch/IRB/ddavidovic//receptors_contracted with E flag.
KEGG entry 4 is a gene encoding protein P37231 with structure. Checking if in repo... yes. Adding P37231 to /scratch/IRB/ddavidovic//receptors_contracted with E flag.
KEGG entry 5 is a gene encoding protein P15056 with structure. Checking if in repo... yes. Adding P15056 to /scratch/IRB/ddavidovic//receptors_contracted with E flag.
KEGG entry 6 is a gene encoding protein P15056 with structure. Checking if in repo... yes. Adding P15056 to /scratch/IRB/ddavidovic//receptors_contracted with E flag.
KEGG entry 7 is a gene encoding protein P28482 with structure. Checking if in repo... yes. Adding P28482 to /scratch/IRB/ddavidovic//receptors_contracted with E flag.
KEGG entry 8 is a gene encoding protein P27361 with structure. Checking if in repo... yes. Adding P27361 to /scratch/IRB/ddavidovic//receptors_contracted with E flag.
KEGG entry 9 is a gene encoding protein Q02750 with structure. Checking if in repo... yes. Adding Q02750 to /scratch/IRB/ddavidovic//receptors_contracted with E flag.
KEGG entry 10 is a gene encoding protein P36507 with structure. Checking if in repo... yes. Adding P36507 to /scratch/IRB/ddavidovic//receptors_contracted with E flag.
KEGG entry 11 is a gene encoding protein P37231 with structure. Checking if in repo... yes. Adding P37231 to /scratch/IRB/ddavidovic//receptors_contracted with E flag.
KEGG entry 12 is a gene encoding protein Q06710 with structure. Checking if in repo... yes. Adding Q06710 to /scratch/IRB/ddavidovic//receptors_contracted with E flag.
KEGG entry 13 is a gene encoding protein P19793 with structure. Checking if in repo... yes. Adding P19793 to /scratch/IRB/ddavidovic//receptors_contracted with E flag.
KEGG entry 14 is a gene encoding protein P28702 with structure. Checking if in repo... yes. Adding P28702 to /scratch/IRB/ddavidovic//receptors_contracted with E flag.
KEGG entry 15 is a gene encoding protein P48443 with structure. Checking if in repo... yes. Adding P48443 to /scratch/IRB/ddavidovic//receptors_contracted with E flag.
KEGG entry 16 is a gene encoding protein P35222 with structure. Checking if in repo... yes. Adding P35222 to /scratch/IRB/ddavidovic//receptors_contracted with E flag.
KEGG entry 17 is a gene encoding protein P01106 with structure. Checking if in repo... yes. Adding P01106 to /scratch/IRB/ddavidovic//receptors_contracted with E flag.
KEGG entry 18 is a gene encoding protein P12830 with structure. Checking if in repo... yes. Adding P12830 to /scratch/IRB/ddavidovic//receptors_contracted with E flag.
KEGG entry 19 is a gene encoding protein P28482 with structure. Checking if in repo... yes. Adding P28482 to /scratch/IRB/ddavidovic//receptors_contracted with E flag.
KEGG entry 20 is a gene encoding protein P27361 with structure. Checking if in repo... yes. Adding P27361 to /scratch/IRB/ddavidovic//receptors_contracted with E flag.
KEGG entry 21 is a gene encoding protein P24385 with structure. Checking if in repo... yes. Adding P24385 to /scratch/IRB/ddavidovic//receptors_contracted with E flag.
KEGG entry 22 is a gene encoding protein Q02750 with structure. Checking if in repo... yes. Adding Q02750 to /scratch/IRB/ddavidovic//receptors_contracted with E flag.
KEGG entry 23 is a gene encoding protein P36507 with structure. Checking if in repo... yes. Adding P36507 to /scratch/IRB/ddavidovic//receptors_contracted with E flag.
KEGG entry 24 is a gene encoding protein P15056 with structure. Checking if in repo... yes. Adding P15056 to /scratch/IRB/ddavidovic//receptors_contracted with E flag.
KEGG entry 25 is a gene encoding protein P01112 with structure. Checking if in repo... yes. Adding P01112 to /scratch/IRB/ddavidovic//receptors_contracted with E flag.
KEGG entry 26 is a gene encoding protein P01116 with structure. Checking if in repo... yes. Adding P01116 to /scratch/IRB/ddavidovic//receptors_contracted with E flag.
KEGG entry 27 is a gene encoding protein P01111 with structure. Checking if in repo... yes. Adding P01111 to /scratch/IRB/ddavidovic//receptors_contracted with E flag.
KEGG entry 28 is a gene encoding protein P07949 with structure. Checking if in repo... yes. Adding P07949 to /scratch/IRB/ddavidovic//receptors_contracted with E flag.
KEGG entry 29 is a gene encoding protein Q16204 without structure. Checking if in repo...yes. Adding Q16204 to /scratch/IRB/ddavidovic//receptors_contracted file with P flag.
KEGG entry 30 is a gene encoding protein Q13772 with structure. Checking if in repo... yes. Adding Q13772 to /scratch/IRB/ddavidovic//receptors_contracted with E flag.
KEGG entry 31 is a gene encoding protein Q92734 without structure. Checking if in repo...yes. Adding Q92734 to /scratch/IRB/ddavidovic//receptors_contracted file with P flag.
KEGG entry 32 is a gene encoding protein P04629 with structure. Checking if in repo... yes. Adding P04629 to /scratch/IRB/ddavidovic//receptors_contracted with E flag.
KEGG entry 33 is a gene encoding protein P06753 without structure. Checking if in repo...yes. Adding P06753 to /scratch/IRB/ddavidovic//receptors_contracted file with P flag.
KEGG entry 34 is a gene encoding protein P12270 with structure. Checking if in repo... yes. Adding P12270 to /scratch/IRB/ddavidovic//receptors_contracted with E flag.
KEGG entry 35 is a gene encoding protein Q9UJU2 without structure. Checking if in repo...yes. Adding Q9UJU2 to /scratch/IRB/ddavidovic//receptors_contracted file with P flag.
KEGG entry 36 is a gene encoding protein P36402 without structure. Checking if in repo...yes. Adding P36402 to /scratch/IRB/ddavidovic//receptors_contracted file with P flag.
KEGG entry 37 is a gene encoding protein Q9NQB0 with structure. Checking if in repo... yes. Adding Q9NQB0 to /scratch/IRB/ddavidovic//receptors_contracted with E flag.
KEGG entry 38 is a gene encoding protein Q9HCS4 without structure. Checking if in repo...yes. Adding Q9HCS4 to /scratch/IRB/ddavidovic//receptors_contracted file with P flag.
KEGG entry 39 is a gene encoding protein P04637 with structure. Checking if in repo... yes. Adding P04637 to /scratch/IRB/ddavidovic//receptors_contracted with E flag.
KEGG entry 40 is a gene encoding protein P38936 with structure. Checking if in repo... yes. Adding P38936 to /scratch/IRB/ddavidovic//receptors_contracted with E flag.
KEGG entry 41 is a gene encoding protein O95257 with structure. Checking if in repo... yes. Adding O95257 to /scratch/IRB/ddavidovic//receptors_contracted with E flag.
KEGG entry 42 is a gene encoding protein P24522 with structure. Checking if in repo... yes. Adding P24522 to /scratch/IRB/ddavidovic//receptors_contracted with E flag.
KEGG entry 43 is a gene encoding protein O75293 without structure. Checking if in repo...yes. Adding O75293 to /scratch/IRB/ddavidovic//receptors_contracted file with P flag.
KEGG entry 44 is a gene encoding protein Q07812 with structure. Checking if in repo... yes. Adding Q07812 to /scratch/IRB/ddavidovic//receptors_contracted with E flag.
KEGG entry 45 is a gene encoding protein Q16611 with structure. Checking if in repo... yes. Adding Q16611 to /scratch/IRB/ddavidovic//receptors_contracted with E flag.
KEGG entry 46 is a gene encoding protein Q92466 with structure. Checking if in repo... yes. Adding Q92466 to /scratch/IRB/ddavidovic//receptors_contracted with E flag.
KEGG entry 47 is a gene encoding protein Q9UBT6 with structure. Checking if in repo... yes. Adding Q9UBT6 to /scratch/IRB/ddavidovic//receptors_contracted with E flag.
done.
gene mutations already in repo. Adding expressions to receptor/relation files
Adding gene expressions to the relation file. Please wait, this may take a while.......................done.
Copying receptor pdb files to WORKDIR..................................................done.
Creating receptor pdbqt files...
Submitted batch job 1147539
nr. jobs running: 0
Submitted batch job 1147540
nr. jobs running: 0
Submitted batch job 1147541
nr. jobs running: 0
Submitted batch job 1147542
nr. jobs running: 0
Submitted batch job 1147543
nr. jobs running: 0
Submitted batch job 1147544
nr. jobs running: 0
Submitted batch job 1147545
nr. jobs running: 0
Submitted batch job 1147546
nr. jobs running: 0
Submitted batch job 1147547
nr. jobs running: 0
Submitted batch job 1147548
nr. jobs running: 0
Submitted batch job 1147549
nr. jobs running: 0
Submitted batch job 1147550
nr. jobs running: 0
Submitted batch job 1147551
nr. jobs running: 0
Submitted batch job 1147552
nr. jobs running: 0
Submitted batch job 1147553
nr. jobs running: 0
Submitted batch job 1147554
nr. jobs running: 0
Submitted batch job 1147555
nr. jobs running: 0
Submitted batch job 1147556
nr. jobs running: 0
Submitted batch job 1147557
nr. jobs running: 0
Submitted batch job 1147558
nr. jobs running: 0
Submitted batch job 1147559
nr. jobs running: 0
Submitted batch job 1147560
nr. jobs running: 0
Submitted batch job 1147561
nr. jobs running: 0
Submitted batch job 1147562
nr. jobs running: 0
Submitted batch job 1147563
nr. jobs running: 0
Submitted batch job 1147564
nr. jobs running: 0
Submitted batch job 1147565
nr. jobs running: 0
Submitted batch job 1147566
nr. jobs running: 0
Submitted batch job 1147567
nr. jobs running: 0
Submitted batch job 1147568
nr. jobs running: 0
Submitted batch job 1147569
nr. jobs running: 0
Submitted batch job 1147570
nr. jobs running: 0
Submitted batch job 1147571
nr. jobs running: 0
Submitted batch job 1147572
nr. jobs running: 0
Submitted batch job 1147573
nr. jobs running: 0
Submitted batch job 1147574
nr. jobs running: 0
Submitted batch job 1147575
nr. jobs running: 0
Submitted batch job 1147576
nr. jobs running: 0
Submitted batch job 1147577
nr. jobs running: 0
Submitted batch job 1147578
nr. jobs running: 0
Submitted batch job 1147579
nr. jobs running: 0
Submitted batch job 1147580
nr. jobs running: 0
Submitted batch job 1147581
nr. jobs running: 0
Submitted batch job 1147582
nr. jobs running: 0
Submitted batch job 1147583
nr. jobs running: 0
Submitted batch job 1147584
nr. jobs running: 0
Submitted batch job 1147585
nr. jobs running: 0
ddavidovic jobs remaining: 
0 Done.
pdbqt file for P37231 receptor_010 was not created. Trying to predict new structure...predicting...
.failed. Using 1AKI protein instead.
setting PYTHONHOME environment
adding gasteiger charges to peptide
pdbqt file for P48443 receptor_014 was not created. Trying to predict new structure...predicting...
.failed. Using 1AKI protein instead.
setting PYTHONHOME environment
adding gasteiger charges to peptide
pdbqt file for Q9UBT6 receptor_046 was not created. Trying to predict new structure...predicting...
.failed. Using 1AKI protein instead.
setting PYTHONHOME environment
adding gasteiger charges to peptide
setting PYTHONHOME environment
nr. jobs running: 0
Submitted batch job 1147606
setting PYTHONHOME environment
nr. jobs running: 0
Submitted batch job 1147607
setting PYTHONHOME environment
nr. jobs running: 0
Submitted batch job 1147608
setting PYTHONHOME environment
nr. jobs running: 0
Submitted batch job 1147609
setting PYTHONHOME environment
nr. jobs running: 0
Submitted batch job 1147610
setting PYTHONHOME environment
nr. jobs running: 0
Submitted batch job 1147611
setting PYTHONHOME environment
nr. jobs running: 0
Submitted batch job 1147612
setting PYTHONHOME environment
nr. jobs running: 0
Submitted batch job 1147613
setting PYTHONHOME environment
nr. jobs running: 0
Submitted batch job 1147614
setting PYTHONHOME environment
nr. jobs running: 0
Submitted batch job 1147615
setting PYTHONHOME environment
nr. jobs running: 0
Submitted batch job 1147616
setting PYTHONHOME environment
nr. jobs running: 0
Submitted batch job 1147617
setting PYTHONHOME environment
nr. jobs running: 0
Submitted batch job 1147618
setting PYTHONHOME environment
nr. jobs running: 0
Submitted batch job 1147619
setting PYTHONHOME environment
nr. jobs running: 0
Submitted batch job 1147620
setting PYTHONHOME environment
nr. jobs running: 0
Submitted batch job 1147621
setting PYTHONHOME environment
nr. jobs running: 0
Submitted batch job 1147622
setting PYTHONHOME environment
nr. jobs running: 0
Submitted batch job 1147623
setting PYTHONHOME environment
nr. jobs running: 0
Submitted batch job 1147624
setting PYTHONHOME environment
nr. jobs running: 0
Submitted batch job 1147625
setting PYTHONHOME environment
nr. jobs running: 0
Submitted batch job 1147626
setting PYTHONHOME environment
nr. jobs running: 0
Submitted batch job 1147627
setting PYTHONHOME environment
nr. jobs running: 0
Submitted batch job 1147628
setting PYTHONHOME environment
nr. jobs running: 0
Submitted batch job 1147629
setting PYTHONHOME environment
nr. jobs running: 0
Submitted batch job 1147630
setting PYTHONHOME environment
nr. jobs running: 0
Submitted batch job 1147631
setting PYTHONHOME environment
nr. jobs running: 0
Submitted batch job 1147632
setting PYTHONHOME environment
nr. jobs running: 0
Submitted batch job 1147633
setting PYTHONHOME environment
nr. jobs running: 0
Submitted batch job 1147634
setting PYTHONHOME environment
nr. jobs running: 0
Submitted batch job 1147635
setting PYTHONHOME environment
nr. jobs running: 0
Submitted batch job 1147636
setting PYTHONHOME environment
nr. jobs running: 0
Submitted batch job 1147637
setting PYTHONHOME environment
nr. jobs running: 0
Submitted batch job 1147638
setting PYTHONHOME environment
nr. jobs running: 0
Submitted batch job 1147639
setting PYTHONHOME environment
nr. jobs running: 0
Submitted batch job 1147640
setting PYTHONHOME environment
nr. jobs running: 0
Submitted batch job 1147641
setting PYTHONHOME environment
nr. jobs running: 0
Submitted batch job 1147642
setting PYTHONHOME environment
nr. jobs running: 0
Submitted batch job 1147643
setting PYTHONHOME environment
nr. jobs running: 0
Submitted batch job 1147644
setting PYTHONHOME environment
nr. jobs running: 0
Submitted batch job 1147645
setting PYTHONHOME environment
nr. jobs running: 0
Submitted batch job 1147646
setting PYTHONHOME environment
nr. jobs running: 0
Submitted batch job 1147647
setting PYTHONHOME environment
nr. jobs running: 0
Submitted batch job 1147648
setting PYTHONHOME environment
nr. jobs running: 0
Submitted batch job 1147649
Waiting for ddavidovic jobs to finish...
ddavidovic jobs remaining: 
0 Done.
elapsed seconds for Vina jobs: 40
47 simulations performed. 0 simulations left. Estimated  remaining time [sec]: 0
No temp_buf to remove
/scratch/IRB/ddavidovic//05216_data/1/EB_matrix
calculated in 0.092 sec
Submitted batch job 1147650
ddavidovic jobs remaining: 
0 Done.
Submitted batch job 1147651
ddavidovic jobs remaining: 
0 Done.
Submitted batch job 1147652
ddavidovic jobs remaining: 
0 Done.
Submitted batch job 1147653
ddavidovic jobs remaining: 
0 Done.
done. The results are in  /scratch/IRB/ddavidovic//hsa05216_results directory.
Analysis completed at Sub Srp 10 07:45:17 CEST 2021
