double free or corruption (!prev)
  File "/cvmfs/sling.si/modules/el7/software/Amber/22.0-foss-2021b-AmberTools-22.3/bin/MMPBSA.py.MPI", line 100, in <module>
    app.run_mmpbsa()
  File "/cvmfs/sling.si/modules/el7/software/Amber/22.0-foss-2021b-AmberTools-22.3/lib/python3.9/site-packages/MMPBSA_mods/main.py", line 218, in run_mmpbsa
    self.calc_list.run(rank, self.stdout)
  File "/cvmfs/sling.si/modules/el7/software/Amber/22.0-foss-2021b-AmberTools-22.3/lib/python3.9/site-packages/MMPBSA_mods/calculation.py", line 82, in run
    calc.run(rank, stdout=stdout, stderr=stderr)
  File "/cvmfs/sling.si/modules/el7/software/Amber/22.0-foss-2021b-AmberTools-22.3/lib/python3.9/site-packages/MMPBSA_mods/calculation.py", line 428, in run
    error_list = [s.strip() for s in out.split('\n')
TypeError: a bytes-like object is required, not 'str'
Error occurred on rank 2.

Fatal Error! 
All files have been retained for your error investigation: 
You should begin by examining the output files of the first failed calculation.
Consult the "Temporary Files" subsection of the MMPBSA.py chapter in the
manual for file naming conventions.
--------------------------------------------------------------------------
MPI_ABORT was invoked on rank 2 in communicator MPI_COMM_WORLD
with errorcode 1.

NOTE: invoking MPI_ABORT causes Open MPI to kill all MPI processes.
You may or may not see output from other processes, depending on
exactly when Open MPI kills them.
--------------------------------------------------------------------------
  File "/cvmfs/sling.si/modules/el7/software/Amber/22.0-foss-2021b-AmberTools-22.3/bin/MMPBSA.py.MPI", line 100, in <module>
    app.run_mmpbsa()
  File "/cvmfs/sling.si/modules/el7/software/Amber/22.0-foss-2021b-AmberTools-22.3/lib/python3.9/site-packages/MMPBSA_mods/main.py", line 218, in run_mmpbsa
    self.calc_list.run(rank, self.stdout)
  File "/cvmfs/sling.si/modules/el7/software/Amber/22.0-foss-2021b-AmberTools-22.3/lib/python3.9/site-packages/MMPBSA_mods/calculation.py", line 82, in run
    calc.run(rank, stdout=stdout, stderr=stderr)
  File "/cvmfs/sling.si/modules/el7/software/Amber/22.0-foss-2021b-AmberTools-22.3/lib/python3.9/site-packages/MMPBSA_mods/calculation.py", line 428, in run
    error_list = [s.strip() for s in out.split('\n')
TypeError: a bytes-like object is required, not 'str'
Error occurred on rank 3.

Fatal Error! 
All files have been retained for your error investigation: 
You should begin by examining the output files of the first failed calculation.
Consult the "Temporary Files" subsection of the MMPBSA.py chapter in the
manual for file naming conventions.
  File "/cvmfs/sling.si/modules/el7/software/Amber/22.0-foss-2021b-AmberTools-22.3/bin/MMPBSA.py.MPI", line 100, in <module>
    app.run_mmpbsa()
  File "/cvmfs/sling.si/modules/el7/software/Amber/22.0-foss-2021b-AmberTools-22.3/lib/python3.9/site-packages/MMPBSA_mods/main.py", line 218, in run_mmpbsa
    self.calc_list.run(rank, self.stdout)
  File "/cvmfs/sling.si/modules/el7/software/Amber/22.0-foss-2021b-AmberTools-22.3/lib/python3.9/site-packages/MMPBSA_mods/calculation.py", line 82, in run
    calc.run(rank, stdout=stdout, stderr=stderr)
  File "/cvmfs/sling.si/modules/el7/software/Amber/22.0-foss-2021b-AmberTools-22.3/lib/python3.9/site-packages/MMPBSA_mods/calculation.py", line 428, in run
    error_list = [s.strip() for s in out.split('\n')
TypeError: a bytes-like object is required, not 'str'
Error occurred on rank 0.

Fatal Error! 
All files have been retained for your error investigation: 
You should begin by examining the output files of the first failed calculation.
Consult the "Temporary Files" subsection of the MMPBSA.py chapter in the
manual for file naming conventions.
  File "/cvmfs/sling.si/modules/el7/software/Amber/22.0-foss-2021b-AmberTools-22.3/bin/MMPBSA.py.MPI", line 100, in <module>
    app.run_mmpbsa()
  File "/cvmfs/sling.si/modules/el7/software/Amber/22.0-foss-2021b-AmberTools-22.3/lib/python3.9/site-packages/MMPBSA_mods/main.py", line 218, in run_mmpbsa
    self.calc_list.run(rank, self.stdout)
  File "/cvmfs/sling.si/modules/el7/software/Amber/22.0-foss-2021b-AmberTools-22.3/lib/python3.9/site-packages/MMPBSA_mods/calculation.py", line 82, in run
    calc.run(rank, stdout=stdout, stderr=stderr)
  File "/cvmfs/sling.si/modules/el7/software/Amber/22.0-foss-2021b-AmberTools-22.3/lib/python3.9/site-packages/MMPBSA_mods/calculation.py", line 428, in run
    error_list = [s.strip() for s in out.split('\n')
TypeError: a bytes-like object is required, not 'str'
Error occurred on rank 1.

Fatal Error! 
All files have been retained for your error investigation: 
You should begin by examining the output files of the first failed calculation.
Consult the "Temporary Files" subsection of the MMPBSA.py chapter in the
manual for file naming conventions.
[cn0147:196947] 3 more processes have sent help message help-mpi-api.txt / mpi-abort
[cn0147:196947] Set MCA parameter "orte_base_help_aggregate" to 0 to see all help / error messages
