
          -------------------------------------------------------
          Amber 22 SANDER                              2022
          -------------------------------------------------------

| Run on 10/13/2023 at 11:00:42

|   Executable path: sander.MPI
| Working directory: /ceph/hpc/home/eudraskot/Vini/sander
|          Hostname: cn0147

  [-O]verwriting output

File Assignments:
|  MDIN: density.in                                                            
| MDOUT: density.out                                                           
|INPCRD: heat.rst                                                              
|  PARM: COMP_solvated.prmtop                                                  
|RESTRT: density.rst                                                           
|  REFC: heat.rst                                                              
| MDVEL: mdvel                                                                 
| MDFRC: mdfrc                                                                 
|  MDEN: mden                                                                  
| MDCRD: density.mdcrd                                                         
|MDINFO: mdinfo                                                                
|  MTMD: mtmd                                                                  
|INPDIP: inpdip                                                                
|RSTDIP: rstdip                                                                
|INPTRA: inptraj                                                               

|    REMLOG: rem.log
|   REMTYPE: rem.type
|  REMSTRIP: 
|   SAVEENE: saveene
|CLUSTERINF: cluster.info
| RESERVOIR: reserv/frame
|   REMDDIM: 


 Here is the input file:

heat COMP                                                                      
 &cntrl                                                                        
  imin=0,irest=1,ntx=5,                                                        
  nstlim=25000,dt=0.002,                                                       
  ntc=2,ntf=2,                                                                 
  cut=8.0, ntb=2, ntp=1, taup=1.0,                                             
  ntpr=500, ntwx=500,                                                          
  ntt=3, gamma_ln=2.0,                                                         
  temp0=300.0, ig=-1,                                                          
 /                                                                             

--------------------------------------------------------------------------------
   1.  RESOURCE   USE: 
--------------------------------------------------------------------------------

| Flags: MPI                                                                    
 getting box info from netcdf restart file
| NetCDF restart box info found
|Largest sphere to fit in unit cell has radius =    51.457
| New format PARM file being parsed.
| Version =    1.000 Date = 10/13/23 Time = 10:29:46
 NATOM  =  136792 NTYPES =      16 NBONH =  131367 MBONA  =    5581
 NTHETH =   12353 MTHETA =    7595 NPHIH =   25068 MPHIA  =   24108
 NHPARM =       0 NPARM  =       0 NNB   =  228219 NRES   =   42665
 NBONA  =    5581 NTHETA =    7595 NPHIA =   24108 NUMBND =      75
 NUMANG =     174 NPTRA  =     211 NATYP =      37 NPHB   =       0
 IFBOX  =       1 NMXRS  =      24 IFCAP =       0 NEXTRA =       0
 NCOPY  =       0

| CMAP information read from topology file: 

|     Memory Use     Allocated
|     Real            10027892
|     Hollerith         453043
|     Integer          5486781
|     Max Pairs         474972
|     nblistReal       1641504
|     nblist Int       5733231
|       Total           138620 kbytes

| Note: 1-4 EEL scale factors are being read from the topology file.

| Note: 1-4 VDW scale factors are being read from the topology file.
| Duplicated    0 dihedrals
| Duplicated    0 dihedrals
|CMAP: Reticulating splines.

     BOX TYPE: RECTILINEAR
Note: ig = -1. Setting random seed to   438544 based on wallclock time in microseconds
      and disabling the synchronization of random numbers between tasks
      to improve performance.

--------------------------------------------------------------------------------
   2.  CONTROL  DATA  FOR  THE  RUN
--------------------------------------------------------------------------------

default_name                                                                    

General flags:
     imin    =       0, nmropt  =       0

Nature and format of input:
     ntx     =       5, irest   =       1, ntrx    =       1

Nature and format of output:
     ntxo    =       2, ntpr    =     500, ntrx    =       1, ntwr    =   25000
     iwrap   =       0, ntwx    =     500, ntwv    =       0, ntwe    =       0
     ioutfm  =       1, ntwprt  =       0, idecomp =       0, rbornstat=      0

Potential function:
     ntf     =       2, ntb     =       2, igb     =       0, nsnb    =      25
     ipol    =       0, gbsa    =       0, iesp    =       0
     dielc   =   1.00000, cut     =   8.00000, intdiel =   1.00000

Frozen or restrained atoms:
     ibelly  =       0, ntr     =       0

Molecular dynamics:
     nstlim  =     25000, nscm    =      1000, nrespa  =         1
     t       =   0.00000, dt      =   0.00200, vlimit  =  20.00000

Langevin dynamics temperature regulation:
     ig      =  438544
     temp0   = 300.00000, tempi   =   0.00000, gamma_ln=   2.00000

Pressure regulation:
     ntp     =       1
     pres0   =   1.00000, comp    =  44.60000, taup    =   1.00000

SHAKE:
     ntc     =       2, jfastw  =       0
     tol     =   0.00001

Ewald parameters:
     verbose =       0, ew_type =       0, nbflag  =       1, use_pme =       1
     vdwmeth =       1, eedmeth =       1, netfrc  =       1
     Box X =  114.904   Box Y =  135.763   Box Z =  102.913
     Alpha =   90.000   Beta  =   90.000   Gamma =   90.000
     NFFT1 =  120       NFFT2 =  135       NFFT3 =  108
     Cutoff=    8.000   Tol   =0.100E-04
     Ewald Coefficient =  0.34864
     Interpolation order =    4

| MPI Timing options:
|      profile_mpi =        0
|  INFO: Old style inpcrd file read


--------------------------------------------------------------------------------
   3.  ATOMIC COORDINATES AND VELOCITIES
--------------------------------------------------------------------------------

default_name                                                                    
 begin time read from input coords =    50.000 ps

 Number of triangulated 3-point waters found:    41980
|  Atom division among processors:
|         0    4044   10852   11851   12850   13849   14848   15847
|     16846   17845   18844   19843   20842   21841   22840   23839
|     24838   25837   26836   27835   28834   29833   30832   31831
|     32830   33829   34828   35827   36826   37825   38824   39823
|     40822   41821   42820   43819   44818   45817   46816   47815
|     48814   49813   50812   51811   52810   53809   54808   55807
|     56806   57805   58804   59803   60802   61801   62800   63799
|     64798   65797   66796   67795   68794   69793   70792   71794
|     72793   73792   74794   75793   76792   77794   78793   79792
|     80794   81793   82792   83794   84793   85792   86794   87793
|     88792   89794   90793   91792   92794   93793   94792   95794
|     96793   97792   98794   99793  100792  101794  102793  103792
|    104794  105793  106792  107794  108793  109792  110794  111793
|    112792  113794  114793  115792  116794  117793  118792  119794
|    120793  121792  122794  123793  124792  125794  126793  127792
|    128794  129793  130792  131794  132793  133792  134794  135793
|    136792

     Sum of charges from parm topology file =  12.99999968
     Assuming uniform neutralizing plasma
|  Running AMBER/MPI version on  128 nodes


--------------------------------------------------------------------------------
   4.  RESULTS
--------------------------------------------------------------------------------

|  # of SOLUTE  degrees of freedom (RNDFP):  279009.
|  # of SOLVENT degrees of freedom (RNDFS):       0.
|  NDFMIN =  279009.     NUM_NOSHAKE =      0     CORRECTED RNDFP =  279009.
|  TOTAL # of degrees of freedom (RNDF) =  279009.
 ---------------------------------------------------
 APPROXIMATING switch and d/dx switch using CUBIC SPLINE INTERPOLATION
 using   5000.0 points per unit in tabled values
 TESTING RELATIVE ERROR over r ranging from 0.0 to cutoff
| CHECK switch(x): max rel err =   0.2738E-14   at   2.422500
| CHECK d/dx switch(x): max rel err =   0.8332E-11   at   2.782960
 ---------------------------------------------------
| Local SIZE OF NONBOND LIST =     226631
| TOTAL SIZE OF NONBOND LIST =   25891389

 NSTEP =      500   TIME(PS) =      51.000  TEMP(K) =   299.21  PRESS =  -368.4
 Etot   =   -330554.6394  EKtot   =     82947.9356  EPtot      =   -413502.5750
 BOND   =      2078.3995  ANGLE   =      5627.7974  DIHED      =      3900.2704
 1-4 NB =      2509.6362  1-4 EEL =     28573.9329  VDWAALS    =     53259.8809
 EELEC  =   -510054.4291  EHBOND  =         0.0000  RESTRAINT  =         0.0000
 EKCMT  =     37561.1640  VIRIAL  =     50150.8376  VOLUME     =   1582891.5310
 CMAP   =       601.9369
                                                    Density    =         0.8741
 Ewald error estimate:   0.3806E-04
 ------------------------------------------------------------------------------


 NSTEP =     1000   TIME(PS) =      52.000  TEMP(K) =   298.07  PRESS =  -133.1
 Etot   =   -330527.9268  EKtot   =     82632.5382  EPtot      =   -413160.4651
 BOND   =      2093.8224  ANGLE   =      5602.4436  DIHED      =      3885.4750
 1-4 NB =      2470.5872  1-4 EEL =     28461.1093  VDWAALS    =     52948.3319
 EELEC  =   -509213.3386  EHBOND  =         0.0000  RESTRAINT  =         0.0000
 EKCMT  =     37512.0236  VIRIAL  =     42011.9134  VOLUME     =   1565733.8485
 CMAP   =       591.1042
                                                    Density    =         0.8836
 Ewald error estimate:   0.1365E-04
 ------------------------------------------------------------------------------


 NSTEP =     1500   TIME(PS) =      53.000  TEMP(K) =   299.47  PRESS =  -154.1
 Etot   =   -330419.6506  EKtot   =     83019.6005  EPtot      =   -413439.2511
 BOND   =      2076.5914  ANGLE   =      5733.8586  DIHED      =      3932.5675
 1-4 NB =      2490.9944  1-4 EEL =     28512.3858  VDWAALS    =     52809.2498
 EELEC  =   -509576.8627  EHBOND  =         0.0000  RESTRAINT  =         0.0000
 EKCMT  =     37502.5898  VIRIAL  =     42665.1148  VOLUME     =   1551377.8662
 CMAP   =       581.9641
                                                    Density    =         0.8918
 Ewald error estimate:   0.3732E-04
 ------------------------------------------------------------------------------


 NSTEP =     2000   TIME(PS) =      54.000  TEMP(K) =   298.99  PRESS =   -94.5
 Etot   =   -330837.2065  EKtot   =     82885.5941  EPtot      =   -413722.8006
 BOND   =      2118.9896  ANGLE   =      5610.4538  DIHED      =      3960.1344
 1-4 NB =      2523.9071  1-4 EEL =     28534.0354  VDWAALS    =     53236.8322
 EELEC  =   -510295.9620  EHBOND  =         0.0000  RESTRAINT  =         0.0000
 EKCMT  =     37471.9313  VIRIAL  =     40609.1480  VOLUME     =   1538106.2364
 CMAP   =       588.8089
                                                    Density    =         0.8995
 Ewald error estimate:   0.6255E-04
 ------------------------------------------------------------------------------


 NSTEP =     2500   TIME(PS) =      55.000  TEMP(K) =   301.18  PRESS =  -155.8
 Etot   =   -330406.7940  EKtot   =     83492.6404  EPtot      =   -413899.4344
 BOND   =      2092.2256  ANGLE   =      5710.0103  DIHED      =      3820.1305
 1-4 NB =      2507.3138  1-4 EEL =     28564.5718  VDWAALS    =     52782.1915
 EELEC  =   -509950.0206  EHBOND  =         0.0000  RESTRAINT  =         0.0000
 EKCMT  =     37688.4606  VIRIAL  =     42823.1929  VOLUME     =   1526523.6550
 CMAP   =       574.1426
                                                    Density    =         0.9063
 Ewald error estimate:   0.1392E-04
 ------------------------------------------------------------------------------


 NSTEP =     3000   TIME(PS) =      56.000  TEMP(K) =   300.64  PRESS =  -265.5
 Etot   =   -331180.6741  EKtot   =     83344.3909  EPtot      =   -414525.0651
 BOND   =      2026.1994  ANGLE   =      5597.9004  DIHED      =      3859.9317
 1-4 NB =      2492.5539  1-4 EEL =     28564.1799  VDWAALS    =     52457.0834
 EELEC  =   -510119.8061  EHBOND  =         0.0000  RESTRAINT  =         0.0000
 EKCMT  =     37801.9272  VIRIAL  =     46479.9048  VOLUME     =   1514019.9080
 CMAP   =       596.8923
                                                    Density    =         0.9138
 Ewald error estimate:   0.1400E-04
 ------------------------------------------------------------------------------


 NSTEP =     3500   TIME(PS) =      57.000  TEMP(K) =   299.42  PRESS =  -269.8
 Etot   =   -332299.0801  EKtot   =     83004.7010  EPtot      =   -415303.7811
 BOND   =      2046.4163  ANGLE   =      5623.1471  DIHED      =      3844.4960
 1-4 NB =      2510.4853  1-4 EEL =     28499.0210  VDWAALS    =     52438.2026
 EELEC  =   -510874.7054  EHBOND  =         0.0000  RESTRAINT  =         0.0000
 EKCMT  =     37598.4427  VIRIAL  =     46336.5525  VOLUME     =   1500292.4654
 CMAP   =       609.1559
                                                    Density    =         0.9222
 Ewald error estimate:   0.4152E-04
 ------------------------------------------------------------------------------


 NSTEP =     4000   TIME(PS) =      58.000  TEMP(K) =   298.95  PRESS =  -246.9
 Etot   =   -332257.9413  EKtot   =     82876.6964  EPtot      =   -415134.6377
 BOND   =      2093.7700  ANGLE   =      5667.6790  DIHED      =      3914.2371
 1-4 NB =      2478.5941  1-4 EEL =     28487.7346  VDWAALS    =     52703.0611
 EELEC  =   -511080.9217  EHBOND  =         0.0000  RESTRAINT  =         0.0000
 EKCMT  =     37715.3705  VIRIAL  =     45670.6105  VOLUME     =   1492200.1688
 CMAP   =       601.2081
                                                    Density    =         0.9272
 Ewald error estimate:   0.6627E-04
 ------------------------------------------------------------------------------


 NSTEP =     4500   TIME(PS) =      59.000  TEMP(K) =   299.19  PRESS =   -38.0
 Etot   =   -332838.9370  EKtot   =     82940.7221  EPtot      =   -415779.6591
 BOND   =      2070.5263  ANGLE   =      5652.5786  DIHED      =      3872.8521
 1-4 NB =      2488.0074  1-4 EEL =     28580.0764  VDWAALS    =     53100.9416
 EELEC  =   -512143.2218  EHBOND  =         0.0000  RESTRAINT  =         0.0000
 EKCMT  =     37583.6555  VIRIAL  =     38799.5945  VOLUME     =   1483085.4605
 CMAP   =       598.5802
                                                    Density    =         0.9329
 Ewald error estimate:   0.4366E-04
 ------------------------------------------------------------------------------


 NSTEP =     5000   TIME(PS) =      60.000  TEMP(K) =   299.96  PRESS =   -76.9
 Etot   =   -332790.3230  EKtot   =     83155.1113  EPtot      =   -415945.4343
 BOND   =      2117.5124  ANGLE   =      5554.8489  DIHED      =      3835.9261
 1-4 NB =      2481.8000  1-4 EEL =     28442.5318  VDWAALS    =     52694.4484
 EELEC  =   -511658.4542  EHBOND  =         0.0000  RESTRAINT  =         0.0000
 EKCMT  =     37729.9584  VIRIAL  =     40177.7599  VOLUME     =   1474543.4623
 CMAP   =       585.9522
                                                    Density    =         0.9383
 Ewald error estimate:   0.6287E-04
 ------------------------------------------------------------------------------


 NSTEP =     5500   TIME(PS) =      61.000  TEMP(K) =   299.92  PRESS =  -159.0
 Etot   =   -333137.0923  EKtot   =     83145.1345  EPtot      =   -416282.2268
 BOND   =      2051.5997  ANGLE   =      5784.1207  DIHED      =      3835.5157
 1-4 NB =      2506.7892  1-4 EEL =     28458.5704  VDWAALS    =     53301.8737
 EELEC  =   -512816.0723  EHBOND  =         0.0000  RESTRAINT  =         0.0000
 EKCMT  =     37682.5994  VIRIAL  =     42711.2179  VOLUME     =   1464852.2400
 CMAP   =       595.3760
                                                    Density    =         0.9445
 Ewald error estimate:   0.2683E-04
 ------------------------------------------------------------------------------


 NSTEP =     6000   TIME(PS) =      62.000  TEMP(K) =   299.90  PRESS =  -188.6
 Etot   =   -333607.4266  EKtot   =     83140.1486  EPtot      =   -416747.5752
 BOND   =      1995.7074  ANGLE   =      5618.2610  DIHED      =      3910.2678
 1-4 NB =      2478.8316  1-4 EEL =     28533.5053  VDWAALS    =     52683.3789
 EELEC  =   -512564.7616  EHBOND  =         0.0000  RESTRAINT  =         0.0000
 EKCMT  =     37482.6191  VIRIAL  =     43410.7901  VOLUME     =   1456019.7886
 CMAP   =       597.2345
                                                    Density    =         0.9502
 Ewald error estimate:   0.5899E-04
 ------------------------------------------------------------------------------


 NSTEP =     6500   TIME(PS) =      63.000  TEMP(K) =   300.06  PRESS =    -4.7
 Etot   =   -333681.6082  EKtot   =     83184.6511  EPtot      =   -416866.2593
 BOND   =      2085.5423  ANGLE   =      5663.3081  DIHED      =      3882.5171
 1-4 NB =      2527.3352  1-4 EEL =     28576.3323  VDWAALS    =     52937.3096
 EELEC  =   -513109.4306  EHBOND  =         0.0000  RESTRAINT  =         0.0000
 EKCMT  =     37783.4954  VIRIAL  =     37929.7518  VOLUME     =   1448730.9176
 CMAP   =       570.8266
                                                    Density    =         0.9550
 Ewald error estimate:   0.2639E-04
 ------------------------------------------------------------------------------


 NSTEP =     7000   TIME(PS) =      64.000  TEMP(K) =   300.56  PRESS =   -43.8
 Etot   =   -333704.8761  EKtot   =     83323.2454  EPtot      =   -417028.1215
 BOND   =      2032.3556  ANGLE   =      5695.9815  DIHED      =      3873.1081
 1-4 NB =      2483.6000  1-4 EEL =     28534.0972  VDWAALS    =     52895.3292
 EELEC  =   -513131.0027  EHBOND  =         0.0000  RESTRAINT  =         0.0000
 EKCMT  =     37598.6592  VIRIAL  =     38960.0476  VOLUME     =   1440665.9668
 CMAP   =       588.4095
                                                    Density    =         0.9603
 Ewald error estimate:   0.6285E-06
 ------------------------------------------------------------------------------


 NSTEP =     7500   TIME(PS) =      65.000  TEMP(K) =   301.20  PRESS =    59.5
 Etot   =   -333341.6727  EKtot   =     83499.9902  EPtot      =   -416841.6629
 BOND   =      2114.4555  ANGLE   =      5631.2220  DIHED      =      3942.8607
 1-4 NB =      2518.2738  1-4 EEL =     28522.1393  VDWAALS    =     52782.2760
 EELEC  =   -512934.5331  EHBOND  =         0.0000  RESTRAINT  =         0.0000
 EKCMT  =     37757.3524  VIRIAL  =     35913.3390  VOLUME     =   1436304.0575
 CMAP   =       581.6429
                                                    Density    =         0.9633
 Ewald error estimate:   0.1603E-04
 ------------------------------------------------------------------------------


 NSTEP =     8000   TIME(PS) =      66.000  TEMP(K) =   300.36  PRESS =   -68.2
 Etot   =   -333771.8355  EKtot   =     83267.0646  EPtot      =   -417038.9001
 BOND   =      2127.3605  ANGLE   =      5585.8468  DIHED      =      3890.7854
 1-4 NB =      2499.5334  1-4 EEL =     28480.4132  VDWAALS    =     53295.3650
 EELEC  =   -513518.7978  EHBOND  =         0.0000  RESTRAINT  =         0.0000
 EKCMT  =     37632.2717  VIRIAL  =     39739.4121  VOLUME     =   1431723.1994
 CMAP   =       600.5933
                                                    Density    =         0.9663
 Ewald error estimate:   0.6420E-04
 ------------------------------------------------------------------------------


 NSTEP =     8500   TIME(PS) =      67.000  TEMP(K) =   300.83  PRESS =   -51.1
 Etot   =   -334686.1259  EKtot   =     83395.5659  EPtot      =   -418081.6918
 BOND   =      2133.3687  ANGLE   =      5602.8541  DIHED      =      3831.9364
 1-4 NB =      2475.6251  1-4 EEL =     28451.7855  VDWAALS    =     53227.5476
 EELEC  =   -514412.2427  EHBOND  =         0.0000  RESTRAINT  =         0.0000
 EKCMT  =     37737.2087  VIRIAL  =     39309.6560  VOLUME     =   1426118.6085
 CMAP   =       607.4335
                                                    Density    =         0.9701
 Ewald error estimate:   0.3387E-04
 ------------------------------------------------------------------------------


 NSTEP =     9000   TIME(PS) =      68.000  TEMP(K) =   300.21  PRESS =   -61.8
 Etot   =   -335031.5429  EKtot   =     83224.8025  EPtot      =   -418256.3454
 BOND   =      2118.6556  ANGLE   =      5540.2638  DIHED      =      3867.7617
 1-4 NB =      2502.2915  1-4 EEL =     28544.0724  VDWAALS    =     53082.8552
 EELEC  =   -514511.5957  EHBOND  =         0.0000  RESTRAINT  =         0.0000
 EKCMT  =     37627.8015  VIRIAL  =     39521.4433  VOLUME     =   1420240.3099
 CMAP   =       599.3500
                                                    Density    =         0.9742
 Ewald error estimate:   0.5677E-04
 ------------------------------------------------------------------------------


 NSTEP =     9500   TIME(PS) =      69.000  TEMP(K) =   299.83  PRESS =  -132.4
 Etot   =   -335457.8414  EKtot   =     83118.9788  EPtot      =   -418576.8202
 BOND   =      2105.0029  ANGLE   =      5645.6045  DIHED      =      3841.8563
 1-4 NB =      2463.9937  1-4 EEL =     28499.6332  VDWAALS    =     53503.8479
 EELEC  =   -515222.1186  EHBOND  =         0.0000  RESTRAINT  =         0.0000
 EKCMT  =     37422.8199  VIRIAL  =     41468.8138  VOLUME     =   1414927.3954
 CMAP   =       585.3600
                                                    Density    =         0.9778
 Ewald error estimate:   0.5179E-04
 ------------------------------------------------------------------------------


 NSTEP =    10000   TIME(PS) =      70.000  TEMP(K) =   299.80  PRESS =   -29.1
 Etot   =   -334839.6859  EKtot   =     83112.1539  EPtot      =   -417951.8398
 BOND   =      2132.8271  ANGLE   =      5680.0623  DIHED      =      3853.2949
 1-4 NB =      2439.3899  1-4 EEL =     28453.2151  VDWAALS    =     52859.4120
 EELEC  =   -513995.3812  EHBOND  =         0.0000  RESTRAINT  =         0.0000
 EKCMT  =     37495.4335  VIRIAL  =     38381.1405  VOLUME     =   1411573.0872
 CMAP   =       625.3400
                                                    Density    =         0.9801
 Ewald error estimate:   0.4452E-04
 ------------------------------------------------------------------------------


 NSTEP =    10500   TIME(PS) =      71.000  TEMP(K) =   299.69  PRESS =    19.2
 Etot   =   -335425.9779  EKtot   =     83080.7886  EPtot      =   -418506.7665
 BOND   =      2063.8566  ANGLE   =      5605.2973  DIHED      =      3864.7882
 1-4 NB =      2479.3953  1-4 EEL =     28479.8946  VDWAALS    =     53262.2577
 EELEC  =   -514854.7551  EHBOND  =         0.0000  RESTRAINT  =         0.0000
 EKCMT  =     37790.9415  VIRIAL  =     37208.6479  VOLUME     =   1407819.0872
 CMAP   =       592.4989
                                                    Density    =         0.9827
 Ewald error estimate:   0.3454E-04
 ------------------------------------------------------------------------------


 NSTEP =    11000   TIME(PS) =      72.000  TEMP(K) =   301.13  PRESS =    38.8
 Etot   =   -335549.9203  EKtot   =     83479.3380  EPtot      =   -419029.2583
 BOND   =      2125.2489  ANGLE   =      5623.3388  DIHED      =      3852.9789
 1-4 NB =      2522.9730  1-4 EEL =     28427.9294  VDWAALS    =     53482.4731
 EELEC  =   -515656.4319  EHBOND  =         0.0000  RESTRAINT  =         0.0000
 EKCMT  =     37933.9972  VIRIAL  =     36756.6040  VOLUME     =   1404921.0753
 CMAP   =       592.2314
                                                    Density    =         0.9848
 Ewald error estimate:   0.4752E-04
 ------------------------------------------------------------------------------


 NSTEP =    11500   TIME(PS) =      73.000  TEMP(K) =   301.32  PRESS =   -43.6
 Etot   =   -335203.2385  EKtot   =     83531.5791  EPtot      =   -418734.8176
 BOND   =      2067.5656  ANGLE   =      5594.3251  DIHED      =      3820.8490
 1-4 NB =      2486.2431  1-4 EEL =     28558.9972  VDWAALS    =     53409.8220
 EELEC  =   -515279.2331  EHBOND  =         0.0000  RESTRAINT  =         0.0000
 EKCMT  =     37522.4420  VIRIAL  =     38843.7687  VOLUME     =   1402901.5828
 CMAP   =       606.6136
                                                    Density    =         0.9862
 Ewald error estimate:   0.2793E-04
 ------------------------------------------------------------------------------


 NSTEP =    12000   TIME(PS) =      74.000  TEMP(K) =   300.02  PRESS =  -169.0
 Etot   =   -335593.5802  EKtot   =     83171.7111  EPtot      =   -418765.2914
 BOND   =      2074.9033  ANGLE   =      5583.6130  DIHED      =      3914.9698
 1-4 NB =      2462.4544  1-4 EEL =     28482.0483  VDWAALS    =     52770.6176
 EELEC  =   -514659.1207  EHBOND  =         0.0000  RESTRAINT  =         0.0000
 EKCMT  =     37731.3467  VIRIAL  =     42839.3458  VOLUME     =   1400254.7084
 CMAP   =       605.2229
                                                    Density    =         0.9881
 Ewald error estimate:   0.5800E-04
 ------------------------------------------------------------------------------


 NSTEP =    12500   TIME(PS) =      75.000  TEMP(K) =   300.21  PRESS =   103.4
 Etot   =   -335304.1666  EKtot   =     83223.9686  EPtot      =   -418528.1353
 BOND   =      2034.0660  ANGLE   =      5667.1153  DIHED      =      3848.0111
 1-4 NB =      2479.2208  1-4 EEL =     28471.6998  VDWAALS    =     53560.7105
 EELEC  =   -515175.9145  EHBOND  =         0.0000  RESTRAINT  =         0.0000
 EKCMT  =     37544.3441  VIRIAL  =     34423.6986  VOLUME     =   1397523.1274
 CMAP   =       586.9558
                                                    Density    =         0.9900
 Ewald error estimate:   0.2431E-04
 ------------------------------------------------------------------------------


 NSTEP =    13000   TIME(PS) =      76.000  TEMP(K) =   300.91  PRESS =   -65.8
 Etot   =   -335902.1096  EKtot   =     83420.2241  EPtot      =   -419322.3337
 BOND   =      1999.8425  ANGLE   =      5642.8259  DIHED      =      3867.7885
 1-4 NB =      2484.4069  1-4 EEL =     28504.8043  VDWAALS    =     53543.1272
 EELEC  =   -515941.6786  EHBOND  =         0.0000  RESTRAINT  =         0.0000
 EKCMT  =     37500.6500  VIRIAL  =     39482.2380  VOLUME     =   1394566.0198
 CMAP   =       576.5496
                                                    Density    =         0.9921
 Ewald error estimate:   0.4273E-04
 ------------------------------------------------------------------------------


 NSTEP =    13500   TIME(PS) =      77.000  TEMP(K) =   300.22  PRESS =    -3.9
 Etot   =   -335863.6331  EKtot   =     83226.9096  EPtot      =   -419090.5428
 BOND   =      2090.2880  ANGLE   =      5669.1476  DIHED      =      3874.0111
 1-4 NB =      2440.6106  1-4 EEL =     28528.4651  VDWAALS    =     52807.8996
 EELEC  =   -515094.7552  EHBOND  =         0.0000  RESTRAINT  =         0.0000
 EKCMT  =     37798.2967  VIRIAL  =     37915.9429  VOLUME     =   1392793.9883
 CMAP   =       593.7906
                                                    Density    =         0.9933
 Ewald error estimate:   0.6532E-04
 ------------------------------------------------------------------------------


 NSTEP =    14000   TIME(PS) =      78.000  TEMP(K) =   301.04  PRESS =   -27.7
 Etot   =   -335977.8990  EKtot   =     83455.0449  EPtot      =   -419432.9439
 BOND   =      2102.2737  ANGLE   =      5635.2651  DIHED      =      3813.5454
 1-4 NB =      2477.9826  1-4 EEL =     28506.6185  VDWAALS    =     53199.3708
 EELEC  =   -515765.6746  EHBOND  =         0.0000  RESTRAINT  =         0.0000
 EKCMT  =     37906.2908  VIRIAL  =     38739.3499  VOLUME     =   1390609.6851
 CMAP   =       597.6747
                                                    Density    =         0.9949
 Ewald error estimate:   0.4969E-04
 ------------------------------------------------------------------------------


 NSTEP =    14500   TIME(PS) =      79.000  TEMP(K) =   298.73  PRESS =   -17.7
 Etot   =   -335852.0246  EKtot   =     82815.5875  EPtot      =   -418667.6121
 BOND   =      2093.5931  ANGLE   =      5671.5192  DIHED      =      3861.0278
 1-4 NB =      2506.7194  1-4 EEL =     28485.2305  VDWAALS    =     52754.2289
 EELEC  =   -514605.9047  EHBOND  =         0.0000  RESTRAINT  =         0.0000
 EKCMT  =     37515.1594  VIRIAL  =     38045.5528  VOLUME     =   1387602.3866
 CMAP   =       565.9738
                                                    Density    =         0.9971
 Ewald error estimate:   0.2183E-04
 ------------------------------------------------------------------------------


 NSTEP =    15000   TIME(PS) =      80.000  TEMP(K) =   300.02  PRESS =    61.7
 Etot   =   -335993.5314  EKtot   =     83171.4124  EPtot      =   -419164.9438
 BOND   =      2117.5118  ANGLE   =      5690.9023  DIHED      =      3934.5089
 1-4 NB =      2512.8263  1-4 EEL =     28334.9297  VDWAALS    =     53559.4584
 EELEC  =   -515903.3616  EHBOND  =         0.0000  RESTRAINT  =         0.0000
 EKCMT  =     37625.7638  VIRIAL  =     35776.3942  VOLUME     =   1387174.2631
 CMAP   =       588.2806
                                                    Density    =         0.9974
 Ewald error estimate:   0.8218E-04
 ------------------------------------------------------------------------------


 NSTEP =    15500   TIME(PS) =      81.000  TEMP(K) =   300.19  PRESS =     5.5
 Etot   =   -336263.2803  EKtot   =     83219.8415  EPtot      =   -419483.1218
 BOND   =      2045.3022  ANGLE   =      5712.0742  DIHED      =      3869.2168
 1-4 NB =      2514.1048  1-4 EEL =     28398.2757  VDWAALS    =     52955.7629
 EELEC  =   -515576.8229  EHBOND  =         0.0000  RESTRAINT  =         0.0000
 EKCMT  =     37661.7287  VIRIAL  =     37497.3643  VOLUME     =   1384763.1444
 CMAP   =       598.9644
                                                    Density    =         0.9991
 Ewald error estimate:   0.1075E-03
 ------------------------------------------------------------------------------


 NSTEP =    16000   TIME(PS) =      82.000  TEMP(K) =   300.01  PRESS =    83.2
 Etot   =   -336558.4743  EKtot   =     83170.7582  EPtot      =   -419729.2325
 BOND   =      2105.3282  ANGLE   =      5757.7303  DIHED      =      3849.6212
 1-4 NB =      2473.7780  1-4 EEL =     28517.4022  VDWAALS    =     53654.5801
 EELEC  =   -516668.9363  EHBOND  =         0.0000  RESTRAINT  =         0.0000
 EKCMT  =     37615.5058  VIRIAL  =     35131.3711  VOLUME     =   1383674.4451
 CMAP   =       581.2638
                                                    Density    =         0.9999
 Ewald error estimate:   0.3026E-04
 ------------------------------------------------------------------------------


 NSTEP =    16500   TIME(PS) =      83.000  TEMP(K) =   300.42  PRESS =    62.1
 Etot   =   -336866.6259  EKtot   =     83283.6455  EPtot      =   -420150.2714
 BOND   =      2066.7967  ANGLE   =      5633.3912  DIHED      =      3819.4680
 1-4 NB =      2461.6201  1-4 EEL =     28478.2209  VDWAALS    =     53233.0083
 EELEC  =   -516423.6205  EHBOND  =         0.0000  RESTRAINT  =         0.0000
 EKCMT  =     37888.4255  VIRIAL  =     36033.6868  VOLUME     =   1382450.7883
 CMAP   =       580.8439
                                                    Density    =         1.0008
 Ewald error estimate:   0.3933E-04
 ------------------------------------------------------------------------------


 NSTEP =    17000   TIME(PS) =      84.000  TEMP(K) =   298.92  PRESS =   -79.1
 Etot   =   -336630.5434  EKtot   =     82868.5973  EPtot      =   -419499.1408
 BOND   =      2121.8478  ANGLE   =      5694.1540  DIHED      =      3871.2895
 1-4 NB =      2489.3224  1-4 EEL =     28451.4623  VDWAALS    =     52956.0931
 EELEC  =   -515667.3260  EHBOND  =         0.0000  RESTRAINT  =         0.0000
 EKCMT  =     37491.0118  VIRIAL  =     39849.7511  VOLUME     =   1381764.6183
 CMAP   =       584.0161
                                                    Density    =         1.0013
 Ewald error estimate:   0.5917E-05
 ------------------------------------------------------------------------------


 NSTEP =    17500   TIME(PS) =      85.000  TEMP(K) =   300.72  PRESS =   -77.9
 Etot   =   -336586.1208  EKtot   =     83365.1231  EPtot      =   -419951.2439
 BOND   =      2099.0144  ANGLE   =      5644.3065  DIHED      =      3877.2593
 1-4 NB =      2505.7793  1-4 EEL =     28483.9234  VDWAALS    =     53319.9895
 EELEC  =   -516468.4843  EHBOND  =         0.0000  RESTRAINT  =         0.0000
 EKCMT  =     37727.0131  VIRIAL  =     40046.7303  VOLUME     =   1379784.0349
 CMAP   =       586.9680
                                                    Density    =         1.0027
 Ewald error estimate:   0.4018E-04
 ------------------------------------------------------------------------------


 NSTEP =    18000   TIME(PS) =      86.000  TEMP(K) =   298.95  PRESS =  -112.9
 Etot   =   -336679.3218  EKtot   =     82875.2462  EPtot      =   -419554.5681
 BOND   =      2066.0055  ANGLE   =      5534.7024  DIHED      =      3890.6995
 1-4 NB =      2506.4925  1-4 EEL =     28422.3044  VDWAALS    =     53146.0628
 EELEC  =   -515729.5591  EHBOND  =         0.0000  RESTRAINT  =         0.0000
 EKCMT  =     37529.9840  VIRIAL  =     40891.4764  VOLUME     =   1379246.3583
 CMAP   =       608.7240
                                                    Density    =         1.0031
 Ewald error estimate:   0.3763E-04
 ------------------------------------------------------------------------------


 NSTEP =    18500   TIME(PS) =      87.000  TEMP(K) =   300.74  PRESS =   -53.2
 Etot   =   -336751.0284  EKtot   =     83373.0434  EPtot      =   -420124.0717
 BOND   =      2043.0312  ANGLE   =      5619.0835  DIHED      =      3845.5501
 1-4 NB =      2496.1919  1-4 EEL =     28550.9223  VDWAALS    =     53503.4352
 EELEC  =   -516777.1557  EHBOND  =         0.0000  RESTRAINT  =         0.0000
 EKCMT  =     37522.6508  VIRIAL  =     39106.7592  VOLUME     =   1378844.8698
 CMAP   =       594.8698
                                                    Density    =         1.0034
 Ewald error estimate:   0.2994E-04
 ------------------------------------------------------------------------------


 NSTEP =    19000   TIME(PS) =      88.000  TEMP(K) =   301.34  PRESS =   -32.7
 Etot   =   -335855.0128  EKtot   =     83538.4108  EPtot      =   -419393.4236
 BOND   =      2080.5575  ANGLE   =      5523.7480  DIHED      =      3894.0141
 1-4 NB =      2504.8589  1-4 EEL =     28535.2745  VDWAALS    =     53414.4345
 EELEC  =   -515926.9387  EHBOND  =         0.0000  RESTRAINT  =         0.0000
 EKCMT  =     37647.6828  VIRIAL  =     38621.6823  VOLUME     =   1379324.9012
 CMAP   =       580.6275
                                                    Density    =         1.0030
 Ewald error estimate:   0.7340E-04
 ------------------------------------------------------------------------------


 NSTEP =    19500   TIME(PS) =      89.000  TEMP(K) =   300.01  PRESS =  -113.9
 Etot   =   -336619.8099  EKtot   =     83168.0438  EPtot      =   -419787.8536
 BOND   =      2033.9266  ANGLE   =      5625.1283  DIHED      =      3846.1166
 1-4 NB =      2491.7515  1-4 EEL =     28567.5847  VDWAALS    =     53531.3934
 EELEC  =   -516463.3624  EHBOND  =         0.0000  RESTRAINT  =         0.0000
 EKCMT  =     37586.8250  VIRIAL  =     40977.6646  VOLUME     =   1379079.3703
 CMAP   =       579.6077
                                                    Density    =         1.0032
 Ewald error estimate:   0.1922E-05
 ------------------------------------------------------------------------------


 NSTEP =    20000   TIME(PS) =      90.000  TEMP(K) =   299.06  PRESS =   117.8
 Etot   =   -336595.4390  EKtot   =     82905.5786  EPtot      =   -419501.0176
 BOND   =      2041.4995  ANGLE   =      5630.4750  DIHED      =      3878.9054
 1-4 NB =      2535.9587  1-4 EEL =     28625.8632  VDWAALS    =     53228.7755
 EELEC  =   -516013.8126  EHBOND  =         0.0000  RESTRAINT  =         0.0000
 EKCMT  =     37553.7619  VIRIAL  =     34049.3534  VOLUME     =   1378357.7509
 CMAP   =       571.3178
                                                    Density    =         1.0038
 Ewald error estimate:   0.8471E-04
 ------------------------------------------------------------------------------


 NSTEP =    20500   TIME(PS) =      91.000  TEMP(K) =   301.10  PRESS =   -54.8
 Etot   =   -336240.9089  EKtot   =     83470.7643  EPtot      =   -419711.6731
 BOND   =      2109.7148  ANGLE   =      5537.6437  DIHED      =      3886.9671
 1-4 NB =      2494.2660  1-4 EEL =     28557.6772  VDWAALS    =     53109.4925
 EELEC  =   -515994.4729  EHBOND  =         0.0000  RESTRAINT  =         0.0000
 EKCMT  =     37766.9638  VIRIAL  =     39397.9948  VOLUME     =   1378195.1659
 CMAP   =       587.0384
                                                    Density    =         1.0039
 Ewald error estimate:   0.8960E-04
 ------------------------------------------------------------------------------


 NSTEP =    21000   TIME(PS) =      92.000  TEMP(K) =   300.51  PRESS =   -18.9
 Etot   =   -336683.0198  EKtot   =     83306.8490  EPtot      =   -419989.8688
 BOND   =      2113.9911  ANGLE   =      5754.9985  DIHED      =      3854.8795
 1-4 NB =      2471.2500  1-4 EEL =     28535.3365  VDWAALS    =     53227.3975
 EELEC  =   -516548.3518  EHBOND  =         0.0000  RESTRAINT  =         0.0000
 EKCMT  =     37843.0294  VIRIAL  =     38404.9516  VOLUME     =   1377479.7858
 CMAP   =       600.6299
                                                    Density    =         1.0044
 Ewald error estimate:   0.4878E-04
 ------------------------------------------------------------------------------


 NSTEP =    21500   TIME(PS) =      93.000  TEMP(K) =   299.25  PRESS =   -34.7
 Etot   =   -336594.4422  EKtot   =     82957.4666  EPtot      =   -419551.9088
 BOND   =      2056.0249  ANGLE   =      5616.0851  DIHED      =      3864.8672
 1-4 NB =      2496.7870  1-4 EEL =     28434.0909  VDWAALS    =     53193.5697
 EELEC  =   -515825.9968  EHBOND  =         0.0000  RESTRAINT  =         0.0000
 EKCMT  =     37594.7843  VIRIAL  =     38624.8824  VOLUME     =   1376351.7718
 CMAP   =       612.6630
                                                    Density    =         1.0052
 Ewald error estimate:   0.1703E-04
 ------------------------------------------------------------------------------


 NSTEP =    22000   TIME(PS) =      94.000  TEMP(K) =   300.10  PRESS =  -111.3
 Etot   =   -336635.7479  EKtot   =     83193.9778  EPtot      =   -419829.7257
 BOND   =      2134.9745  ANGLE   =      5682.9263  DIHED      =      3862.7593
 1-4 NB =      2477.1906  1-4 EEL =     28551.5606  VDWAALS    =     53098.1349
 EELEC  =   -516219.4296  EHBOND  =         0.0000  RESTRAINT  =         0.0000
 EKCMT  =     37711.9585  VIRIAL  =     41018.6392  VOLUME     =   1375635.5230
 CMAP   =       582.1576
                                                    Density    =         1.0057
 Ewald error estimate:   0.1556E-04
 ------------------------------------------------------------------------------


 NSTEP =    22500   TIME(PS) =      95.000  TEMP(K) =   301.35  PRESS =   -65.9
 Etot   =   -336583.4353  EKtot   =     83540.4686  EPtot      =   -420123.9039
 BOND   =      2113.2539  ANGLE   =      5647.4630  DIHED      =      3879.4188
 1-4 NB =      2474.9105  1-4 EEL =     28499.9776  VDWAALS    =     53085.1035
 EELEC  =   -516417.9445  EHBOND  =         0.0000  RESTRAINT  =         0.0000
 EKCMT  =     37843.8580  VIRIAL  =     39799.9513  VOLUME     =   1374266.9251
 CMAP   =       593.9133
                                                    Density    =         1.0067
 Ewald error estimate:   0.5781E-04
 ------------------------------------------------------------------------------


 NSTEP =    23000   TIME(PS) =      96.000  TEMP(K) =   301.44  PRESS =   -14.6
 Etot   =   -336459.3997  EKtot   =     83565.4530  EPtot      =   -420024.8527
 BOND   =      2093.4005  ANGLE   =      5600.1478  DIHED      =      3864.7814
 1-4 NB =      2484.0524  1-4 EEL =     28517.0631  VDWAALS    =     53016.3281
 EELEC  =   -516208.8461  EHBOND  =         0.0000  RESTRAINT  =         0.0000
 EKCMT  =     37836.7303  VIRIAL  =     38270.2579  VOLUME     =   1373559.6343
 CMAP   =       608.2201
                                                    Density    =         1.0073
 Ewald error estimate:   0.3031E-04
 ------------------------------------------------------------------------------


 NSTEP =    23500   TIME(PS) =      97.000  TEMP(K) =   300.46  PRESS =    31.7
 Etot   =   -336508.8785  EKtot   =     83295.0097  EPtot      =   -419803.8881
 BOND   =      2152.2634  ANGLE   =      5549.6818  DIHED      =      3850.8968
 1-4 NB =      2467.8147  1-4 EEL =     28510.5784  VDWAALS    =     53247.0571
 EELEC  =   -516187.7206  EHBOND  =         0.0000  RESTRAINT  =         0.0000
 EKCMT  =     37722.8005  VIRIAL  =     36784.5095  VOLUME     =   1372376.2091
 CMAP   =       605.5403
                                                    Density    =         1.0081
 Ewald error estimate:   0.7797E-04
 ------------------------------------------------------------------------------


 NSTEP =    24000   TIME(PS) =      98.000  TEMP(K) =   300.35  PRESS =   -35.2
 Etot   =   -336664.5344  EKtot   =     83262.5772  EPtot      =   -419927.1116
 BOND   =      2133.2722  ANGLE   =      5705.5767  DIHED      =      3829.5566
 1-4 NB =      2462.5085  1-4 EEL =     28560.2348  VDWAALS    =     53181.0857
 EELEC  =   -516420.2277  EHBOND  =         0.0000  RESTRAINT  =         0.0000
 EKCMT  =     37816.2158  VIRIAL  =     38859.8361  VOLUME     =   1373009.5222
 CMAP   =       620.8815
                                                    Density    =         1.0077
 Ewald error estimate:   0.5408E-04
 ------------------------------------------------------------------------------


 NSTEP =    24500   TIME(PS) =      99.000  TEMP(K) =   298.74  PRESS =    10.6
 Etot   =   -337449.2276  EKtot   =     82816.5117  EPtot      =   -420265.7394
 BOND   =      2090.8454  ANGLE   =      5552.1932  DIHED      =      3824.9370
 1-4 NB =      2461.3650  1-4 EEL =     28542.5079  VDWAALS    =     53067.5445
 EELEC  =   -516406.8153  EHBOND  =         0.0000  RESTRAINT  =         0.0000
 EKCMT  =     37497.4269  VIRIAL  =     37183.2819  VOLUME     =   1373957.3248
 CMAP   =       601.6829
                                                    Density    =         1.0070
 Ewald error estimate:   0.1406E-04
 ------------------------------------------------------------------------------


 NSTEP =    25000   TIME(PS) =     100.000  TEMP(K) =   300.20  PRESS =  -104.8
 Etot   =   -336937.5507  EKtot   =     83220.8218  EPtot      =   -420158.3725
 BOND   =      2103.6256  ANGLE   =      5798.7529  DIHED      =      3870.5078
 1-4 NB =      2447.1128  1-4 EEL =     28450.0727  VDWAALS    =     53387.8978
 EELEC  =   -516804.0535  EHBOND  =         0.0000  RESTRAINT  =         0.0000
 EKCMT  =     37720.4439  VIRIAL  =     40830.3089  VOLUME     =   1373864.6632
 CMAP   =       587.7114
                                                    Density    =         1.0070
 Ewald error estimate:   0.1730E-04
 ------------------------------------------------------------------------------


      A V E R A G E S   O V E R   25000 S T E P S


 NSTEP =    25000   TIME(PS) =     100.000  TEMP(K) =   299.94  PRESS =   -68.8
 Etot   =   -334820.3241  EKtot   =     83150.7669  EPtot      =   -417971.0910
 BOND   =      2082.1737  ANGLE   =      5655.1944  DIHED      =      3863.2102
 1-4 NB =      2486.2055  1-4 EEL =     28504.9857  VDWAALS    =     53099.0435
 EELEC  =   -514253.0632  EHBOND  =         0.0000  RESTRAINT  =         0.0000
 EKCMT  =     37642.6847  VIRIAL  =     39853.8881  VOLUME     =   1424338.7154
 CMAP   =       591.1591
                                                    Density    =         0.9730
 Ewald error estimate:   0.4548E-04
 ------------------------------------------------------------------------------


      R M S  F L U C T U A T I O N S


 NSTEP =    25000   TIME(PS) =     100.000  TEMP(K) =     0.86  PRESS =   103.1
 Etot   =      2056.5944  EKtot   =       238.2382  EPtot      =      2096.0244
 BOND   =        38.1669  ANGLE   =        56.3472  DIHED      =        31.2818
 1-4 NB =        21.0314  1-4 EEL =        56.6476  VDWAALS    =       302.2774
 EELEC  =      2161.1342  EHBOND  =         0.0000  RESTRAINT  =         0.0000
 EKCMT  =       149.2161  VIRIAL  =      3297.1157  VOLUME     =     59795.9211
 CMAP   =        11.8181
                                                    Density    =         0.0388
 Ewald error estimate:   0.2676E-04
 ------------------------------------------------------------------------------


--------------------------------------------------------------------------------
   5.  TIMINGS
--------------------------------------------------------------------------------

|>>>>>>>>PROFILE of Average TIMES>>>>>>>>> 
|                Build the list            90.06 (44.43% of List )
|                Other                    112.64 (55.57% of List )
|             List time                202.70 (19.59% of Nonbo)
|                   Short_ene time           173.39 (47.13% of Direc)
|                   Other                    194.47 (52.87% of Direc)
|                Direct Ewald time        367.86 (44.23% of Ewald)
|                Adjust Ewald time          1.61 ( 0.19% of Ewald)
|                   Fill Bspline coeffs       56.22 (18.24% of Recip)
|                   Fill charge grid           7.89 ( 2.56% of Recip)
|                   Scalar sum                 6.46 ( 2.10% of Recip)
|                   Grad sum                  18.07 ( 5.86% of Recip)
|                      FFT back comm time       144.86 (70.13% of FFT t)
|                      Other                     61.69 (29.87% of FFT t)
|                   FFT time                 206.55 (67.02% of Recip)
|                   Other                     13.00 ( 4.22% of Recip)
|                Recip Ewald time         308.20 (37.06% of Ewald)
|                Force Adjust              56.24 ( 6.76% of Ewald)
|                Virial junk               96.32 (11.58% of Ewald)
|                Other                      1.40 ( 0.17% of Ewald)
|             Ewald time               831.68 (80.39% of Nonbo)
|             Other                      0.16 ( 0.02% of Nonbo)
|          Nonbond force           1034.56 (79.63% of Force)
|          Bond/Angle/Dihedral        3.85 ( 0.30% of Force)
|          FRC Collect time         184.77 (14.22% of Force)
|          Other                     76.06 ( 5.85% of Force)
|       Force time              1299.23 (61.20% of Runmd)
|       Shake time                 7.81 ( 0.37% of Runmd)
|       Verlet update time       189.45 ( 8.92% of Runmd)
|       Ekcmr time               134.09 ( 6.32% of Runmd)
|       CRD distribute time      131.60 ( 6.20% of Runmd)
|       Other                    360.77 (16.99% of Runmd)
|    Runmd Time              2122.96 (100.0% of Total)
|    Other                      1.69 ( 0.08% of Total)
| Total time              2124.65 (100.0% of ALL  )

| Number of list builds   :       2979

| Highest rstack allocated:     237095
| Highest istack allocated:       6755

| Final Performance Info:
| -----------------------------------------------------
| Average timings for all steps:
|     Elapsed(s) =    2123.07 Per Step(ms) =      84.92
|         ns/day =       2.03   seconds/ns =   42461.49
| -----------------------------------------------------

|           Job began  at 11:00:42.304  on 10/13/2023
|           Setup done at 11:00:43.990  on 10/13/2023
|           Run   done at 11:36:07.053  on 10/13/2023
|     wallclock() was called 1431021 times

|3D-RISM memory allocation summary
|Type          Maximum        Current   
|Integer       0.00000 GB     0.00000 GB
|Real          0.00000 GB     0.00000 GB
|Logical       0.00000 GB     0.00000 GB
|Character     0.00000 GB     0.00000 GB
|---------------------------------------
|Total         0.00000 GB     0.00000 GB
