
=>> Init data
    Presuming executables of amber suite to be in /cvmfs/sling.si/modules/el7/software/Amber/22.0-foss-2021b-AmberTools-22.3/bin

=>> Reading input parameters
    Found PREFIX => snapshot
    Found PATH => ./
    Found COMPLEX => 1
    Found RECEPTOR => 1
    Found LIGAND => 1
    Found COMPT => ./COMP.prmtop
    Found RECPT => ./REC.prmtop
    Found LIGPT => ./LIG.prmtop
    Found GC => 1
    Found AS => 0
    Found DC => 0
    Found MM => 0
    Found GB => 0
    Found PB => 0
    Found MS => 0
    Found NM => 0
    Found BOX => YES
    Found NTOTAL => 42193
    Found NSTART => 1
    Found NSTOP => 200
    Found NFREQ => 1
    Found NUMBER_LIG_GROUPS => 1
    Found LSTART => 2622
    Found LSTOP => 3862
    Found NUMBER_REC_GROUPS => 1
    Found RSTART => 1
    Found RSTOP => 2621
    Found TRAJECTORY => ./prod1.mdcrd
    Found TRAJECTORY => ./prod2.mdcrd
    Found TRAJECTORY => ./prod3.mdcrd
    Found TRAJECTORY => ./prod4.mdcrd

=>> Checking sanity
    Checking GENERAL
    Setting START to default 1
    Setting STOP to default 10e10
    Setting OFFSET to default 1
    Setting VERBOSE to default 0
    Setting PARALLEL to default 0
    Checking GC
    Checking TRAJ

=>> Creating input
    make_crd input

=>> Creating coordinates
    Executing makecrd
