
          -------------------------------------------------------
          Amber 22 SANDER                              2022
          -------------------------------------------------------

| Run on 10/13/2023 at 10:31:50

|   Executable path: sander.MPI
| Working directory: /ceph/hpc/home/eudraskot/Vini/sander
|          Hostname: cn0147

  [-O]verwriting output

File Assignments:
|  MDIN: heat.in                                                               
| MDOUT: heat.out                                                              
|INPCRD: min.rst                                                               
|  PARM: COMP_solvated.prmtop                                                  
|RESTRT: heat.rst                                                              
|  REFC: min.rst                                                               
| MDVEL: mdvel                                                                 
| MDFRC: mdfrc                                                                 
|  MDEN: mden                                                                  
| MDCRD: heat.mdcrd                                                            
|MDINFO: mdinfo                                                                
|  MTMD: mtmd                                                                  
|INPDIP: inpdip                                                                
|RSTDIP: rstdip                                                                
|INPTRA: inptraj                                                               

|    REMLOG: rem.log
|   REMTYPE: rem.type
|  REMSTRIP: 
|   SAVEENE: saveene
|CLUSTERINF: cluster.info
| RESERVOIR: reserv/frame
|   REMDDIM: 


 Here is the input file:

heat COMP                                                                      
&cntrl                                                                         
  imin=0,irest=0,ntx=1,                                                        
  nstlim=25000,dt=0.002,                                                       
  ntc=2,ntf=2,                                                                 
  cut=8.0, ntb=1,                                                              
  ntpr=500, ntwx=500,                                                          
  ntt=3, gamma_ln=2.0,                                                         
  tempi=0.0, temp0=300.0, ig=-1,                                               
  nmropt=1                                                                     
 /                                                                             
 &wt TYPE='TEMP0', istep1=0, istep2=25000,                                     
  value1=0.1, value2=300.0, /                                                  
 &wt TYPE='END' /                                                              

--------------------------------------------------------------------------------
   1.  RESOURCE   USE: 
--------------------------------------------------------------------------------

| Flags: MPI                                                                    
 getting box info from netcdf restart file
| NetCDF restart box info found
|Largest sphere to fit in unit cell has radius =    51.457
| New format PARM file being parsed.
| Version =    1.000 Date = 10/13/23 Time = 10:29:46
 NATOM  =  136792 NTYPES =      16 NBONH =  131367 MBONA  =    5581
 NTHETH =   12353 MTHETA =    7595 NPHIH =   25068 MPHIA  =   24108
 NHPARM =       0 NPARM  =       0 NNB   =  228219 NRES   =   42665
 NBONA  =    5581 NTHETA =    7595 NPHIA =   24108 NUMBND =      75
 NUMANG =     174 NPTRA  =     211 NATYP =      37 NPHB   =       0
 IFBOX  =       1 NMXRS  =      24 IFCAP =       0 NEXTRA =       0
 NCOPY  =       0

| CMAP information read from topology file: 

|     Memory Use     Allocated
|     Real            10027921
|     Hollerith         453043
|     Integer          5486826
|     Max Pairs         474972
|     nblistReal       1641504
|     nblist Int       5733231
|       Total           138620 kbytes

| Note: 1-4 EEL scale factors are being read from the topology file.

| Note: 1-4 VDW scale factors are being read from the topology file.
| Duplicated    0 dihedrals
| Duplicated    0 dihedrals
|CMAP: Reticulating splines.

     BOX TYPE: RECTILINEAR
Note: ig = -1. Setting random seed to   983201 based on wallclock time in microseconds
      and disabling the synchronization of random numbers between tasks
      to improve performance.

--------------------------------------------------------------------------------
   2.  CONTROL  DATA  FOR  THE  RUN
--------------------------------------------------------------------------------

default_name                                                                    

General flags:
     imin    =       0, nmropt  =       1

Nature and format of input:
     ntx     =       1, irest   =       0, ntrx    =       1

Nature and format of output:
     ntxo    =       2, ntpr    =     500, ntrx    =       1, ntwr    =   25000
     iwrap   =       0, ntwx    =     500, ntwv    =       0, ntwe    =       0
     ioutfm  =       1, ntwprt  =       0, idecomp =       0, rbornstat=      0

Potential function:
     ntf     =       2, ntb     =       1, igb     =       0, nsnb    =      25
     ipol    =       0, gbsa    =       0, iesp    =       0
     dielc   =   1.00000, cut     =   8.00000, intdiel =   1.00000

Frozen or restrained atoms:
     ibelly  =       0, ntr     =       0

Molecular dynamics:
     nstlim  =     25000, nscm    =      1000, nrespa  =         1
     t       =   0.00000, dt      =   0.00200, vlimit  =  20.00000

Langevin dynamics temperature regulation:
     ig      =  983201
     temp0   = 300.00000, tempi   =   0.00000, gamma_ln=   2.00000

SHAKE:
     ntc     =       2, jfastw  =       0
     tol     =   0.00001

NMR refinement options:
     iscale  =       0, noeskp  =       1, ipnlty  =       1, mxsub   =       1
     scalm   = 100.00000, pencut  =   0.10000, tausw   =   0.10000

Ewald parameters:
     verbose =       0, ew_type =       0, nbflag  =       1, use_pme =       1
     vdwmeth =       1, eedmeth =       1, netfrc  =       1
     Box X =  114.904   Box Y =  135.763   Box Z =  102.913
     Alpha =   90.000   Beta  =   90.000   Gamma =   90.000
     NFFT1 =  120       NFFT2 =  135       NFFT3 =  108
     Cutoff=    8.000   Tol   =0.100E-04
     Ewald Coefficient =  0.34864
     Interpolation order =    4

| MPI Timing options:
|      profile_mpi =        0
|  INFO: Old style inpcrd file read


--------------------------------------------------------------------------------
   3.  ATOMIC COORDINATES AND VELOCITIES
--------------------------------------------------------------------------------

default_name                                                                    
 begin time read from input coords =     0.000 ps



           Begin reading energy term weight changes/NMR restraints
 WEIGHT CHANGES:
 TEMP0         0  25000    0.100000  300.000000      0      0

 RESTRAINTS:
                          ** No restraint defined **

                  Done reading weight changes/NMR restraints


 Number of triangulated 3-point waters found:    41980
|  Atom division among processors:
|         0    1081    2157    3207    4276    5347    6411    7489
|      8550    9621   10685   11749   12817   13885   14953   16021
|     17089   18157   19225   20293   21361   22429   23497   24565
|     25633   26701   27769   28837   29905   30973   32041   33109
|     34177   35245   36313   37381   38449   39517   40585   41653
|     42721   43789   44857   45925   46993   48061   49129   50197
|     51265   52333   53401   54469   55537   56605   57673   58741
|     59809   60877   61945   63013   64081   65149   66217   67285
|     68353   69421   70489   71557   72625   73693   74761   75829
|     76897   77965   79033   80101   81169   82237   83305   84373
|     85441   86509   87577   88645   89713   90781   91849   92917
|     93985   95053   96121   97189   98257   99325  100393  101461
|    102529  103597  104665  105733  106801  107869  108937  110005
|    111073  112141  113209  114277  115345  116413  117481  118549
|    119617  120685  121753  122821  123889  124957  126025  127093
|    128161  129229  130297  131365  132433  133501  134569  135637
|    136792

     Sum of charges from parm topology file =  12.99999968
     Assuming uniform neutralizing plasma
|  Running AMBER/MPI version on  128 nodes


--------------------------------------------------------------------------------
   4.  RESULTS
--------------------------------------------------------------------------------

|  # of SOLUTE  degrees of freedom (RNDFP):  279009.
|  # of SOLVENT degrees of freedom (RNDFS):       0.
|  NDFMIN =  279009.     NUM_NOSHAKE =      0     CORRECTED RNDFP =  279009.
|  TOTAL # of degrees of freedom (RNDF) =  279009.
 ---------------------------------------------------
 APPROXIMATING switch and d/dx switch using CUBIC SPLINE INTERPOLATION
 using   5000.0 points per unit in tabled values
 TESTING RELATIVE ERROR over r ranging from 0.0 to cutoff
| CHECK switch(x): max rel err =   0.2738E-14   at   2.422500
| CHECK d/dx switch(x): max rel err =   0.8332E-11   at   2.782960
 ---------------------------------------------------
| Local SIZE OF NONBOND LIST =     199103
| TOTAL SIZE OF NONBOND LIST =   24907789

 NSTEP =        0   TIME(PS) =       0.000  TEMP(K) =     0.00  PRESS =     0.0
 Etot   =   -403814.4749  EKtot   =         0.0000  EPtot      =   -403814.4749
 BOND   =       297.7023  ANGLE   =      1639.7812  DIHED      =      2798.9444
 1-4 NB =      2410.7025  1-4 EEL =     28952.3967  VDWAALS    =     22593.6046
 EELEC  =   -463233.3178  EHBOND  =         0.0000  RESTRAINT  =         0.0000
 CMAP   =       725.7112
 Ewald error estimate:   0.4488E-03
 ------------------------------------------------------------------------------

 NMR restraints: Bond =    0.000   Angle =     0.000   Torsion =     0.000
===============================================================================

 NSTEP =      500   TIME(PS) =       1.000  TEMP(K) =    42.30  PRESS =     0.0
 Etot   =   -493097.3837  EKtot   =     11725.5637  EPtot      =   -504822.9473
 BOND   =       411.6189  ANGLE   =      1636.4750  DIHED      =      2897.1220
 1-4 NB =      2168.5386  1-4 EEL =     28511.4105  VDWAALS    =     83120.9555
 EELEC  =   -624125.5048  EHBOND  =         0.0000  RESTRAINT  =         0.0000
 CMAP   =       556.4370
 Ewald error estimate:   0.1838E-03
 ------------------------------------------------------------------------------

 NMR restraints: Bond =    0.000   Angle =     0.000   Torsion =     0.000
===============================================================================

 NSTEP =     1000   TIME(PS) =       2.000  TEMP(K) =    17.63  PRESS =     0.0
 Etot   =   -512183.7111  EKtot   =      4886.6275  EPtot      =   -517070.3385
 BOND   =       416.2439  ANGLE   =      1627.8878  DIHED      =      2880.6128
 1-4 NB =      2177.6073  1-4 EEL =     28543.4757  VDWAALS    =     90359.7309
 EELEC  =   -643632.1853  EHBOND  =         0.0000  RESTRAINT  =         0.0000
 CMAP   =       556.2882
 Ewald error estimate:   0.2756E-03
 ------------------------------------------------------------------------------

 NMR restraints: Bond =    0.000   Angle =     0.000   Torsion =     0.000
===============================================================================

 NSTEP =     1500   TIME(PS) =       3.000  TEMP(K) =    17.31  PRESS =     0.0
 Etot   =   -514097.4428  EKtot   =      4799.2942  EPtot      =   -518896.7371
 BOND   =       418.9101  ANGLE   =      1677.1200  DIHED      =      2918.2298
 1-4 NB =      2212.9367  1-4 EEL =     28622.4032  VDWAALS    =     92415.9001
 EELEC  =   -647723.2204  EHBOND  =         0.0000  RESTRAINT  =         0.0000
 CMAP   =       560.9835
 Ewald error estimate:   0.3048E-03
 ------------------------------------------------------------------------------

 NMR restraints: Bond =    0.000   Angle =     0.000   Torsion =     0.000
===============================================================================

 NSTEP =     2000   TIME(PS) =       4.000  TEMP(K) =    22.07  PRESS =     0.0
 Etot   =   -512324.7655  EKtot   =      6119.2230  EPtot      =   -518443.9885
 BOND   =       463.6034  ANGLE   =      1757.9994  DIHED      =      2947.6426
 1-4 NB =      2222.3491  1-4 EEL =     28614.1946  VDWAALS    =     93292.6012
 EELEC  =   -648306.6689  EHBOND  =         0.0000  RESTRAINT  =         0.0000
 CMAP   =       564.2902
 Ewald error estimate:   0.2990E-03
 ------------------------------------------------------------------------------

 NMR restraints: Bond =    0.000   Angle =     0.000   Torsion =     0.000
===============================================================================

 NSTEP =     2500   TIME(PS) =       5.000  TEMP(K) =    27.71  PRESS =     0.0
 Etot   =   -509859.0135  EKtot   =      7681.3100  EPtot      =   -517540.3235
 BOND   =       491.9881  ANGLE   =      1854.9356  DIHED      =      2967.2122
 1-4 NB =      2225.8637  1-4 EEL =     28631.1035  VDWAALS    =     93613.7754
 EELEC  =   -647898.3172  EHBOND  =         0.0000  RESTRAINT  =         0.0000
 CMAP   =       573.1151
 Ewald error estimate:   0.2932E-03
 ------------------------------------------------------------------------------

 NMR restraints: Bond =    0.000   Angle =     0.000   Torsion =     0.000
===============================================================================

 NSTEP =     3000   TIME(PS) =       6.000  TEMP(K) =    33.46  PRESS =     0.0
 Etot   =   -507158.9192  EKtot   =      9276.1461  EPtot      =   -516435.0653
 BOND   =       510.0768  ANGLE   =      1915.2200  DIHED      =      2997.3426
 1-4 NB =      2234.0301  1-4 EEL =     28673.2041  VDWAALS    =     93449.3586
 EELEC  =   -646785.2752  EHBOND  =         0.0000  RESTRAINT  =         0.0000
 CMAP   =       570.9777
 Ewald error estimate:   0.3098E-03
 ------------------------------------------------------------------------------

 NMR restraints: Bond =    0.000   Angle =     0.000   Torsion =     0.000
===============================================================================

 NSTEP =     3500   TIME(PS) =       7.000  TEMP(K) =    39.51  PRESS =     0.0
 Etot   =   -504355.6750  EKtot   =     10952.6222  EPtot      =   -515308.2972
 BOND   =       550.2843  ANGLE   =      2017.0294  DIHED      =      3023.3633
 1-4 NB =      2252.6529  1-4 EEL =     28668.0509  VDWAALS    =     93244.6375
 EELEC  =   -645628.5289  EHBOND  =         0.0000  RESTRAINT  =         0.0000
 CMAP   =       564.2135
 Ewald error estimate:   0.3050E-03
 ------------------------------------------------------------------------------

 NMR restraints: Bond =    0.000   Angle =     0.000   Torsion =     0.000
===============================================================================

 NSTEP =     4000   TIME(PS) =       8.000  TEMP(K) =    45.34  PRESS =     0.0
 Etot   =   -501481.7307  EKtot   =     12569.7466  EPtot      =   -514051.4773
 BOND   =       592.4516  ANGLE   =      2078.7235  DIHED      =      3035.6489
 1-4 NB =      2255.9972  1-4 EEL =     28649.1438  VDWAALS    =     92757.3645
 EELEC  =   -643998.0202  EHBOND  =         0.0000  RESTRAINT  =         0.0000
 CMAP   =       577.2134
 Ewald error estimate:   0.3417E-03
 ------------------------------------------------------------------------------

 NMR restraints: Bond =    0.000   Angle =     0.000   Torsion =     0.000
===============================================================================

 NSTEP =     4500   TIME(PS) =       9.000  TEMP(K) =    51.47  PRESS =     0.0
 Etot   =   -498479.2505  EKtot   =     14268.2054  EPtot      =   -512747.4559
 BOND   =       644.1026  ANGLE   =      2173.1356  DIHED      =      3049.9025
 1-4 NB =      2272.2665  1-4 EEL =     28691.3344  VDWAALS    =     92279.6885
 EELEC  =   -642426.2057  EHBOND  =         0.0000  RESTRAINT  =         0.0000
 CMAP   =       568.3197
 Ewald error estimate:   0.3010E-03
 ------------------------------------------------------------------------------

 NMR restraints: Bond =    0.000   Angle =     0.000   Torsion =     0.000
===============================================================================

 NSTEP =     5000   TIME(PS) =      10.000  TEMP(K) =    57.46  PRESS =     0.0
 Etot   =   -495591.5288  EKtot   =     15929.1906  EPtot      =   -511520.7194
 BOND   =       644.0870  ANGLE   =      2283.7884  DIHED      =      3080.7661
 1-4 NB =      2278.9267  1-4 EEL =     28682.9882  VDWAALS    =     91876.6693
 EELEC  =   -640940.2793  EHBOND  =         0.0000  RESTRAINT  =         0.0000
 CMAP   =       572.3343
 Ewald error estimate:   0.3128E-03
 ------------------------------------------------------------------------------

 NMR restraints: Bond =    0.000   Angle =     0.000   Torsion =     0.000
===============================================================================

 NSTEP =     5500   TIME(PS) =      11.000  TEMP(K) =    63.41  PRESS =     0.0
 Etot   =   -492710.6924  EKtot   =     17577.8492  EPtot      =   -510288.5416
 BOND   =       705.7490  ANGLE   =      2362.1664  DIHED      =      3097.9721
 1-4 NB =      2269.2660  1-4 EEL =     28690.5768  VDWAALS    =     91301.3090
 EELEC  =   -639291.1731  EHBOND  =         0.0000  RESTRAINT  =         0.0000
 CMAP   =       575.5921
 Ewald error estimate:   0.3200E-03
 ------------------------------------------------------------------------------

 NMR restraints: Bond =    0.000   Angle =     0.000   Torsion =     0.000
===============================================================================

 NSTEP =     6000   TIME(PS) =      12.000  TEMP(K) =    69.08  PRESS =     0.0
 Etot   =   -489868.4784  EKtot   =     19151.3095  EPtot      =   -509019.7879
 BOND   =       746.2031  ANGLE   =      2447.9631  DIHED      =      3103.3170
 1-4 NB =      2273.3512  1-4 EEL =     28672.7337  VDWAALS    =     90585.8019
 EELEC  =   -637440.9807  EHBOND  =         0.0000  RESTRAINT  =         0.0000
 CMAP   =       591.8228
 Ewald error estimate:   0.3342E-03
 ------------------------------------------------------------------------------

 NMR restraints: Bond =    0.000   Angle =     0.000   Torsion =     0.000
===============================================================================

 NSTEP =     6500   TIME(PS) =      13.000  TEMP(K) =    75.41  PRESS =     0.0
 Etot   =   -486763.7108  EKtot   =     20905.7966  EPtot      =   -507669.5074
 BOND   =       775.5633  ANGLE   =      2527.3277  DIHED      =      3133.7115
 1-4 NB =      2280.0026  1-4 EEL =     28675.6934  VDWAALS    =     89893.6857
 EELEC  =   -635535.2676  EHBOND  =         0.0000  RESTRAINT  =         0.0000
 CMAP   =       579.7761
 Ewald error estimate:   0.3097E-03
 ------------------------------------------------------------------------------

 NMR restraints: Bond =    0.000   Angle =     0.000   Torsion =     0.000
===============================================================================

 NSTEP =     7000   TIME(PS) =      14.000  TEMP(K) =    81.43  PRESS =     0.0
 Etot   =   -483754.3450  EKtot   =     22575.2707  EPtot      =   -506329.6157
 BOND   =       800.9329  ANGLE   =      2620.0010  DIHED      =      3171.8496
 1-4 NB =      2286.4516  1-4 EEL =     28698.1065  VDWAALS    =     89494.2882
 EELEC  =   -634003.2690  EHBOND  =         0.0000  RESTRAINT  =         0.0000
 CMAP   =       602.0235
 Ewald error estimate:   0.3225E-03
 ------------------------------------------------------------------------------

 NMR restraints: Bond =    0.000   Angle =     0.000   Torsion =     0.000
===============================================================================

 NSTEP =     7500   TIME(PS) =      15.000  TEMP(K) =    87.48  PRESS =     0.0
 Etot   =   -480600.0279  EKtot   =     24251.2551  EPtot      =   -504851.2830
 BOND   =       824.4003  ANGLE   =      2662.6583  DIHED      =      3156.5363
 1-4 NB =      2288.5862  1-4 EEL =     28715.2758  VDWAALS    =     88841.1447
 EELEC  =   -631932.0337  EHBOND  =         0.0000  RESTRAINT  =         0.0000
 CMAP   =       592.1491
 Ewald error estimate:   0.3372E-03
 ------------------------------------------------------------------------------

 NMR restraints: Bond =    0.000   Angle =     0.000   Torsion =     0.000
===============================================================================

 NSTEP =     8000   TIME(PS) =      16.000  TEMP(K) =    93.55  PRESS =     0.0
 Etot   =   -477454.5333  EKtot   =     25933.3101  EPtot      =   -503387.8434
 BOND   =       849.1630  ANGLE   =      2778.0700  DIHED      =      3192.7325
 1-4 NB =      2297.1511  1-4 EEL =     28658.8660  VDWAALS    =     88453.6293
 EELEC  =   -630229.6030  EHBOND  =         0.0000  RESTRAINT  =         0.0000
 CMAP   =       612.1476
 Ewald error estimate:   0.2793E-03
 ------------------------------------------------------------------------------

 NMR restraints: Bond =    0.000   Angle =     0.000   Torsion =     0.000
===============================================================================

 NSTEP =     8500   TIME(PS) =      17.000  TEMP(K) =    99.18  PRESS =     0.0
 Etot   =   -474494.6039  EKtot   =     27496.2133  EPtot      =   -501990.8173
 BOND   =       908.6941  ANGLE   =      2850.8438  DIHED      =      3206.8419
 1-4 NB =      2301.3058  1-4 EEL =     28683.2291  VDWAALS    =     87891.2179
 EELEC  =   -628439.0574  EHBOND  =         0.0000  RESTRAINT  =         0.0000
 CMAP   =       606.1076
 Ewald error estimate:   0.2940E-03
 ------------------------------------------------------------------------------

 NMR restraints: Bond =    0.000   Angle =     0.000   Torsion =     0.000
===============================================================================

 NSTEP =     9000   TIME(PS) =      18.000  TEMP(K) =   105.09  PRESS =     0.0
 Etot   =   -471306.1499  EKtot   =     29132.9906  EPtot      =   -500439.1405
 BOND   =       942.7168  ANGLE   =      2959.8416  DIHED      =      3217.5028
 1-4 NB =      2288.2394  1-4 EEL =     28615.8521  VDWAALS    =     86777.7750
 EELEC  =   -625830.5033  EHBOND  =         0.0000  RESTRAINT  =         0.0000
 CMAP   =       589.4350
 Ewald error estimate:   0.3156E-03
 ------------------------------------------------------------------------------

 NMR restraints: Bond =    0.000   Angle =     0.000   Torsion =     0.000
===============================================================================

 NSTEP =     9500   TIME(PS) =      19.000  TEMP(K) =   110.92  PRESS =     0.0
 Etot   =   -468295.1761  EKtot   =     30750.3541  EPtot      =   -499045.5301
 BOND   =       975.4063  ANGLE   =      3017.0755  DIHED      =      3261.6969
 1-4 NB =      2321.2854  1-4 EEL =     28621.5941  VDWAALS    =     86792.9166
 EELEC  =   -624616.1855  EHBOND  =         0.0000  RESTRAINT  =         0.0000
 CMAP   =       580.6805
 Ewald error estimate:   0.3121E-03
 ------------------------------------------------------------------------------

 NMR restraints: Bond =    0.000   Angle =     0.000   Torsion =     0.000
===============================================================================

 NSTEP =    10000   TIME(PS) =      20.000  TEMP(K) =   117.09  PRESS =     0.0
 Etot   =   -465080.9021  EKtot   =     32459.3088  EPtot      =   -497540.2109
 BOND   =      1018.1072  ANGLE   =      3084.0221  DIHED      =      3246.2337
 1-4 NB =      2319.6479  1-4 EEL =     28664.9578  VDWAALS    =     86223.0896
 EELEC  =   -622696.4231  EHBOND  =         0.0000  RESTRAINT  =         0.0000
 CMAP   =       600.1538
 Ewald error estimate:   0.2845E-03
 ------------------------------------------------------------------------------

 NMR restraints: Bond =    0.000   Angle =     0.000   Torsion =     0.000
===============================================================================

 NSTEP =    10500   TIME(PS) =      21.000  TEMP(K) =   123.18  PRESS =     0.0
 Etot   =   -461926.9391  EKtot   =     34147.1993  EPtot      =   -496074.1385
 BOND   =      1038.2803  ANGLE   =      3209.6142  DIHED      =      3283.5368
 1-4 NB =      2321.1440  1-4 EEL =     28670.1310  VDWAALS    =     85359.0601
 EELEC  =   -620565.6880  EHBOND  =         0.0000  RESTRAINT  =         0.0000
 CMAP   =       609.7831
 Ewald error estimate:   0.2632E-03
 ------------------------------------------------------------------------------

 NMR restraints: Bond =    0.000   Angle =     0.000   Torsion =     0.000
===============================================================================

 NSTEP =    11000   TIME(PS) =      22.000  TEMP(K) =   129.06  PRESS =     0.0
 Etot   =   -458567.8018  EKtot   =     35779.5570  EPtot      =   -494347.3588
 BOND   =      1058.0935  ANGLE   =      3281.0391  DIHED      =      3303.5398
 1-4 NB =      2332.9873  1-4 EEL =     28712.9310  VDWAALS    =     84273.1800
 EELEC  =   -617908.5947  EHBOND  =         0.0000  RESTRAINT  =         0.0000
 CMAP   =       599.4652
 Ewald error estimate:   0.2613E-03
 ------------------------------------------------------------------------------

 NMR restraints: Bond =    0.000   Angle =     0.000   Torsion =     0.000
===============================================================================

 NSTEP =    11500   TIME(PS) =      23.000  TEMP(K) =   135.16  PRESS =     0.0
 Etot   =   -455143.1147  EKtot   =     37470.1549  EPtot      =   -492613.2696
 BOND   =      1120.5821  ANGLE   =      3383.4077  DIHED      =      3314.1064
 1-4 NB =      2311.9276  1-4 EEL =     28580.6048  VDWAALS    =     84006.3184
 EELEC  =   -615934.4543  EHBOND  =         0.0000  RESTRAINT  =         0.0000
 CMAP   =       604.2377
 Ewald error estimate:   0.2830E-03
 ------------------------------------------------------------------------------

 NMR restraints: Bond =    0.000   Angle =     0.000   Torsion =     0.000
===============================================================================

 NSTEP =    12000   TIME(PS) =      24.000  TEMP(K) =   140.90  PRESS =     0.0
 Etot   =   -452025.6152  EKtot   =     39060.1718  EPtot      =   -491085.7870
 BOND   =      1165.4239  ANGLE   =      3394.6589  DIHED      =      3366.7496
 1-4 NB =      2347.9891  1-4 EEL =     28674.4045  VDWAALS    =     83605.5687
 EELEC  =   -614241.3956  EHBOND  =         0.0000  RESTRAINT  =         0.0000
 CMAP   =       600.8138
 Ewald error estimate:   0.2656E-03
 ------------------------------------------------------------------------------

 NMR restraints: Bond =    0.000   Angle =     0.000   Torsion =     0.000
===============================================================================

 NSTEP =    12500   TIME(PS) =      25.000  TEMP(K) =   147.00  PRESS =     0.0
 Etot   =   -448468.3445  EKtot   =     40750.7309  EPtot      =   -489219.0754
 BOND   =      1170.2428  ANGLE   =      3493.9055  DIHED      =      3340.6512
 1-4 NB =      2352.1036  1-4 EEL =     28614.7337  VDWAALS    =     82780.8227
 EELEC  =   -611554.4043  EHBOND  =         0.0000  RESTRAINT  =         0.0000
 CMAP   =       582.8694
 Ewald error estimate:   0.2625E-03
 ------------------------------------------------------------------------------

 NMR restraints: Bond =    0.000   Angle =     0.000   Torsion =     0.000
===============================================================================

 NSTEP =    13000   TIME(PS) =      26.000  TEMP(K) =   152.28  PRESS =     0.0
 Etot   =   -445138.2955  EKtot   =     42215.9602  EPtot      =   -487354.2557
 BOND   =      1237.5137  ANGLE   =      3627.0838  DIHED      =      3401.2152
 1-4 NB =      2340.9343  1-4 EEL =     28680.1641  VDWAALS    =     81783.0544
 EELEC  =   -609024.7550  EHBOND  =         0.0000  RESTRAINT  =         0.0000
 CMAP   =       600.5338
 Ewald error estimate:   0.2603E-03
 ------------------------------------------------------------------------------

 NMR restraints: Bond =    0.000   Angle =     0.000   Torsion =     0.000
===============================================================================

 NSTEP =    13500   TIME(PS) =      27.000  TEMP(K) =   158.65  PRESS =     0.0
 Etot   =   -441791.9318  EKtot   =     43980.6140  EPtot      =   -485772.5458
 BOND   =      1281.9703  ANGLE   =      3697.8997  DIHED      =      3407.2181
 1-4 NB =      2351.7546  1-4 EEL =     28603.6473  VDWAALS    =     81418.2113
 EELEC  =   -607130.6471  EHBOND  =         0.0000  RESTRAINT  =         0.0000
 CMAP   =       597.4000
 Ewald error estimate:   0.2635E-03
 ------------------------------------------------------------------------------

 NMR restraints: Bond =    0.000   Angle =     0.000   Torsion =     0.000
===============================================================================

 NSTEP =    14000   TIME(PS) =      28.000  TEMP(K) =   164.69  PRESS =     0.0
 Etot   =   -437907.6240  EKtot   =     45655.8322  EPtot      =   -483563.4563
 BOND   =      1280.4377  ANGLE   =      3779.5182  DIHED      =      3461.0363
 1-4 NB =      2370.3012  1-4 EEL =     28650.8477  VDWAALS    =     80811.2455
 EELEC  =   -604510.3296  EHBOND  =         0.0000  RESTRAINT  =         0.0000
 CMAP   =       593.4867
 Ewald error estimate:   0.2171E-03
 ------------------------------------------------------------------------------

 NMR restraints: Bond =    0.000   Angle =     0.000   Torsion =     0.000
===============================================================================

 NSTEP =    14500   TIME(PS) =      29.000  TEMP(K) =   170.87  PRESS =     0.0
 Etot   =   -434279.5954  EKtot   =     47367.7122  EPtot      =   -481647.3076
 BOND   =      1336.9433  ANGLE   =      3876.4830  DIHED      =      3452.3361
 1-4 NB =      2413.6957  1-4 EEL =     28617.0892  VDWAALS    =     79370.1930
 EELEC  =   -601319.7224  EHBOND  =         0.0000  RESTRAINT  =         0.0000
 CMAP   =       605.6745
 Ewald error estimate:   0.2404E-03
 ------------------------------------------------------------------------------

 NMR restraints: Bond =    0.000   Angle =     0.000   Torsion =     0.000
===============================================================================

 NSTEP =    15000   TIME(PS) =      30.000  TEMP(K) =   176.59  PRESS =     0.0
 Etot   =   -430702.8375  EKtot   =     48954.7884  EPtot      =   -479657.6259
 BOND   =      1366.9364  ANGLE   =      3949.3488  DIHED      =      3480.4151
 1-4 NB =      2349.2283  1-4 EEL =     28577.4446  VDWAALS    =     78117.5019
 EELEC  =   -598099.3790  EHBOND  =         0.0000  RESTRAINT  =         0.0000
 CMAP   =       600.8781
 Ewald error estimate:   0.2274E-03
 ------------------------------------------------------------------------------

 NMR restraints: Bond =    0.000   Angle =     0.000   Torsion =     0.000
===============================================================================

 NSTEP =    15500   TIME(PS) =      31.000  TEMP(K) =   182.36  PRESS =     0.0
 Etot   =   -426936.4218  EKtot   =     50554.5405  EPtot      =   -477490.9623
 BOND   =      1422.8645  ANGLE   =      3967.7759  DIHED      =      3488.8532
 1-4 NB =      2383.7172  1-4 EEL =     28683.9943  VDWAALS    =     77293.7421
 EELEC  =   -595318.5922  EHBOND  =         0.0000  RESTRAINT  =         0.0000
 CMAP   =       586.6827
 Ewald error estimate:   0.2151E-03
 ------------------------------------------------------------------------------

 NMR restraints: Bond =    0.000   Angle =     0.000   Torsion =     0.000
===============================================================================

 NSTEP =    16000   TIME(PS) =      32.000  TEMP(K) =   188.82  PRESS =     0.0
 Etot   =   -422736.3639  EKtot   =     52344.7285  EPtot      =   -475081.0925
 BOND   =      1411.1384  ANGLE   =      4077.9934  DIHED      =      3494.2606
 1-4 NB =      2393.0835  1-4 EEL =     28677.5538  VDWAALS    =     76713.9039
 EELEC  =   -592443.4280  EHBOND  =         0.0000  RESTRAINT  =         0.0000
 CMAP   =       594.4018
 Ewald error estimate:   0.2288E-03
 ------------------------------------------------------------------------------

 NMR restraints: Bond =    0.000   Angle =     0.000   Torsion =     0.000
===============================================================================

 NSTEP =    16500   TIME(PS) =      33.000  TEMP(K) =   195.23  PRESS =     0.0
 Etot   =   -418762.6822  EKtot   =     54122.5814  EPtot      =   -472885.2635
 BOND   =      1449.9123  ANGLE   =      4182.4410  DIHED      =      3528.9521
 1-4 NB =      2402.1558  1-4 EEL =     28654.4138  VDWAALS    =     75529.4254
 EELEC  =   -589214.8491  EHBOND  =         0.0000  RESTRAINT  =         0.0000
 CMAP   =       582.2851
 Ewald error estimate:   0.1999E-03
 ------------------------------------------------------------------------------

 NMR restraints: Bond =    0.000   Angle =     0.000   Torsion =     0.000
===============================================================================

 NSTEP =    17000   TIME(PS) =      34.000  TEMP(K) =   201.85  PRESS =     0.0
 Etot   =   -413817.2134  EKtot   =     55956.4613  EPtot      =   -469773.6746
 BOND   =      1460.9153  ANGLE   =      4381.2039  DIHED      =      3534.2533
 1-4 NB =      2386.4429  1-4 EEL =     28543.5326  VDWAALS    =     74502.6719
 EELEC  =   -585185.8153  EHBOND  =         0.0000  RESTRAINT  =         0.0000
 CMAP   =       603.1208
 Ewald error estimate:   0.2005E-03
 ------------------------------------------------------------------------------

 NMR restraints: Bond =    0.000   Angle =     0.000   Torsion =     0.000
===============================================================================

 NSTEP =    17500   TIME(PS) =      35.000  TEMP(K) =   206.21  PRESS =     0.0
 Etot   =   -410156.1481  EKtot   =     57164.6065  EPtot      =   -467320.7546
 BOND   =      1535.4947  ANGLE   =      4371.8876  DIHED      =      3567.4409
 1-4 NB =      2408.8300  1-4 EEL =     28617.2540  VDWAALS    =     73745.2856
 EELEC  =   -582167.9040  EHBOND  =         0.0000  RESTRAINT  =         0.0000
 CMAP   =       600.9568
 Ewald error estimate:   0.1688E-03
 ------------------------------------------------------------------------------

 NMR restraints: Bond =    0.000   Angle =     0.000   Torsion =     0.000
===============================================================================

 NSTEP =    18000   TIME(PS) =      36.000  TEMP(K) =   212.10  PRESS =     0.0
 Etot   =   -405685.8694  EKtot   =     58799.3339  EPtot      =   -464485.2032
 BOND   =      1591.4372  ANGLE   =      4461.0346  DIHED      =      3589.6490
 1-4 NB =      2391.0856  1-4 EEL =     28662.2363  VDWAALS    =     72171.7751
 EELEC  =   -577950.9574  EHBOND  =         0.0000  RESTRAINT  =         0.0000
 CMAP   =       598.5363
 Ewald error estimate:   0.1606E-03
 ------------------------------------------------------------------------------

 NMR restraints: Bond =    0.000   Angle =     0.000   Torsion =     0.000
===============================================================================

 NSTEP =    18500   TIME(PS) =      37.000  TEMP(K) =   217.32  PRESS =     0.0
 Etot   =   -401186.9480  EKtot   =     60247.0755  EPtot      =   -461434.0236
 BOND   =      1576.4801  ANGLE   =      4480.4160  DIHED      =      3609.3958
 1-4 NB =      2412.2110  1-4 EEL =     28623.0422  VDWAALS    =     70821.8388
 EELEC  =   -573578.4190  EHBOND  =         0.0000  RESTRAINT  =         0.0000
 CMAP   =       621.0116
 Ewald error estimate:   0.1019E-03
 ------------------------------------------------------------------------------

 NMR restraints: Bond =    0.000   Angle =     0.000   Torsion =     0.000
===============================================================================

 NSTEP =    19000   TIME(PS) =      38.000  TEMP(K) =   224.37  PRESS =     0.0
 Etot   =   -396256.5880  EKtot   =     62200.0555  EPtot      =   -458456.6435
 BOND   =      1678.1093  ANGLE   =      4629.0705  DIHED      =      3632.9410
 1-4 NB =      2405.5930  1-4 EEL =     28615.0265  VDWAALS    =     70531.1753
 EELEC  =   -570559.3222  EHBOND  =         0.0000  RESTRAINT  =         0.0000
 CMAP   =       610.7629
 Ewald error estimate:   0.1165E-03
 ------------------------------------------------------------------------------

 NMR restraints: Bond =    0.000   Angle =     0.000   Torsion =     0.000
===============================================================================

 NSTEP =    19500   TIME(PS) =      39.000  TEMP(K) =   228.61  PRESS =     0.0
 Etot   =   -391444.6176  EKtot   =     63376.9754  EPtot      =   -454821.5929
 BOND   =      1691.5737  ANGLE   =      4669.9516  DIHED      =      3640.4840
 1-4 NB =      2410.8389  1-4 EEL =     28661.0943  VDWAALS    =     68534.3226
 EELEC  =   -565056.9452  EHBOND  =         0.0000  RESTRAINT  =         0.0000
 CMAP   =       627.0873
 Ewald error estimate:   0.5086E-04
 ------------------------------------------------------------------------------

 NMR restraints: Bond =    0.000   Angle =     0.000   Torsion =     0.000
===============================================================================

 NSTEP =    20000   TIME(PS) =      40.000  TEMP(K) =   234.63  PRESS =     0.0
 Etot   =   -386291.9932  EKtot   =     65044.7015  EPtot      =   -451336.6947
 BOND   =      1745.4748  ANGLE   =      4811.8313  DIHED      =      3715.8144
 1-4 NB =      2423.2101  1-4 EEL =     28535.9257  VDWAALS    =     66871.1616
 EELEC  =   -560050.9127  EHBOND  =         0.0000  RESTRAINT  =         0.0000
 CMAP   =       610.8002
 Ewald error estimate:   0.1559E-04
 ------------------------------------------------------------------------------

 NMR restraints: Bond =    0.000   Angle =     0.000   Torsion =     0.000
===============================================================================

 NSTEP =    20500   TIME(PS) =      41.000  TEMP(K) =   240.05  PRESS =     0.0
 Etot   =   -381312.2641  EKtot   =     66548.0506  EPtot      =   -447860.3147
 BOND   =      1738.1015  ANGLE   =      4892.8217  DIHED      =      3636.6883
 1-4 NB =      2410.6832  1-4 EEL =     28620.0299  VDWAALS    =     65755.6428
 EELEC  =   -555508.2286  EHBOND  =         0.0000  RESTRAINT  =         0.0000
 CMAP   =       593.9466
 Ewald error estimate:   0.3949E-04
 ------------------------------------------------------------------------------

 NMR restraints: Bond =    0.000   Angle =     0.000   Torsion =     0.000
===============================================================================

 NSTEP =    21000   TIME(PS) =      42.000  TEMP(K) =   247.49  PRESS =     0.0
 Etot   =   -375053.6473  EKtot   =     68608.4351  EPtot      =   -443662.0825
 BOND   =      1820.5612  ANGLE   =      5012.5007  DIHED      =      3689.9892
 1-4 NB =      2456.0544  1-4 EEL =     28636.9250  VDWAALS    =     63655.8251
 EELEC  =   -549548.7582  EHBOND  =         0.0000  RESTRAINT  =         0.0000
 CMAP   =       614.8202
 Ewald error estimate:   0.6283E-04
 ------------------------------------------------------------------------------

 NMR restraints: Bond =    0.000   Angle =     0.000   Torsion =     0.000
===============================================================================

 NSTEP =    21500   TIME(PS) =      43.000  TEMP(K) =   253.52  PRESS =     0.0
 Etot   =   -369738.5506  EKtot   =     70281.1045  EPtot      =   -440019.6551
 BOND   =      1830.8924  ANGLE   =      5077.9195  DIHED      =      3782.0324
 1-4 NB =      2470.8553  1-4 EEL =     28554.0488  VDWAALS    =     62136.4174
 EELEC  =   -544463.3408  EHBOND  =         0.0000  RESTRAINT  =         0.0000
 CMAP   =       591.5199
 Ewald error estimate:   0.4198E-05
 ------------------------------------------------------------------------------

 NMR restraints: Bond =    0.000   Angle =     0.000   Torsion =     0.000
===============================================================================

 NSTEP =    22000   TIME(PS) =      44.000  TEMP(K) =   258.87  PRESS =     0.0
 Etot   =   -363918.1270  EKtot   =     71763.5459  EPtot      =   -435681.6729
 BOND   =      1885.0513  ANGLE   =      5139.6756  DIHED      =      3752.8224
 1-4 NB =      2419.1206  1-4 EEL =     28578.8268  VDWAALS    =     60713.9120
 EELEC  =   -538767.8574  EHBOND  =         0.0000  RESTRAINT  =         0.0000
 CMAP   =       596.7757
 Ewald error estimate:   0.2979E-04
 ------------------------------------------------------------------------------

 NMR restraints: Bond =    0.000   Angle =     0.000   Torsion =     0.000
===============================================================================

 NSTEP =    22500   TIME(PS) =      45.000  TEMP(K) =   264.43  PRESS =     0.0
 Etot   =   -358419.2355  EKtot   =     73306.9713  EPtot      =   -431726.2068
 BOND   =      1886.9090  ANGLE   =      5216.5878  DIHED      =      3772.3125
 1-4 NB =      2449.3832  1-4 EEL =     28559.2276  VDWAALS    =     58916.9684
 EELEC  =   -533118.9699  EHBOND  =         0.0000  RESTRAINT  =         0.0000
 CMAP   =       591.3747
 Ewald error estimate:   0.2831E-05
 ------------------------------------------------------------------------------

 NMR restraints: Bond =    0.000   Angle =     0.000   Torsion =     0.000
===============================================================================

 NSTEP =    23000   TIME(PS) =      46.000  TEMP(K) =   272.30  PRESS =     0.0
 Etot   =   -352600.2698  EKtot   =     75486.9035  EPtot      =   -428087.1734
 BOND   =      1941.8020  ANGLE   =      5302.7562  DIHED      =      3761.4127
 1-4 NB =      2484.9597  1-4 EEL =     28616.9446  VDWAALS    =     58207.6066
 EELEC  =   -528995.9255  EHBOND  =         0.0000  RESTRAINT  =         0.0000
 CMAP   =       593.2702
 Ewald error estimate:   0.9589E-05
 ------------------------------------------------------------------------------

 NMR restraints: Bond =    0.000   Angle =     0.000   Torsion =     0.000
===============================================================================

 NSTEP =    23500   TIME(PS) =      47.000  TEMP(K) =   279.29  PRESS =     0.0
 Etot   =   -347421.7831  EKtot   =     77426.3246  EPtot      =   -424848.1076
 BOND   =      1916.5989  ANGLE   =      5409.4393  DIHED      =      3788.7772
 1-4 NB =      2473.7656  1-4 EEL =     28617.1855  VDWAALS    =     56661.2481
 EELEC  =   -524320.4338  EHBOND  =         0.0000  RESTRAINT  =         0.0000
 CMAP   =       605.3116
 Ewald error estimate:   0.4385E-04
 ------------------------------------------------------------------------------

 NMR restraints: Bond =    0.000   Angle =     0.000   Torsion =     0.000
===============================================================================

 NSTEP =    24000   TIME(PS) =      48.000  TEMP(K) =   282.04  PRESS =     0.0
 Etot   =   -342479.0799  EKtot   =     78188.5523  EPtot      =   -420667.6323
 BOND   =      1987.0101  ANGLE   =      5474.9181  DIHED      =      3816.0462
 1-4 NB =      2479.4304  1-4 EEL =     28654.7415  VDWAALS    =     55588.6916
 EELEC  =   -519254.6487  EHBOND  =         0.0000  RESTRAINT  =         0.0000
 CMAP   =       586.1785
 Ewald error estimate:   0.1392E-04
 ------------------------------------------------------------------------------

 NMR restraints: Bond =    0.000   Angle =     0.000   Torsion =     0.000
===============================================================================

 NSTEP =    24500   TIME(PS) =      49.000  TEMP(K) =   290.15  PRESS =     0.0
 Etot   =   -336941.5012  EKtot   =     80434.6356  EPtot      =   -417376.1368
 BOND   =      2068.2668  ANGLE   =      5548.0098  DIHED      =      3869.1431
 1-4 NB =      2445.4824  1-4 EEL =     28441.6858  VDWAALS    =     54565.9514
 EELEC  =   -514902.4571  EHBOND  =         0.0000  RESTRAINT  =         0.0000
 CMAP   =       587.7809
 Ewald error estimate:   0.8609E-04
 ------------------------------------------------------------------------------

 NMR restraints: Bond =    0.000   Angle =     0.000   Torsion =     0.000
===============================================================================

 NSTEP =    25000   TIME(PS) =      50.000  TEMP(K) =   294.47  PRESS =     0.0
 Etot   =   -332507.9650  EKtot   =     81633.1091  EPtot      =   -414141.0741
 BOND   =      2099.4855  ANGLE   =      5658.2608  DIHED      =      3843.9414
 1-4 NB =      2479.4475  1-4 EEL =     28529.9095  VDWAALS    =     53014.1970
 EELEC  =   -510357.0110  EHBOND  =         0.0000  RESTRAINT  =         0.0000
 CMAP   =       590.6951
 Ewald error estimate:   0.4492E-04
 ------------------------------------------------------------------------------

 NMR restraints: Bond =    0.000   Angle =     0.000   Torsion =     0.000
===============================================================================

      A V E R A G E S   O V E R   25000 S T E P S


 NSTEP =    25000   TIME(PS) =      50.000  TEMP(K) =   148.79  PRESS =     0.0
 Etot   =   -439716.2125  EKtot   =     41247.5345  EPtot      =   -480963.7470
 BOND   =      1191.5395  ANGLE   =      3529.4396  DIHED      =      3373.1875
 1-4 NB =      2344.3686  1-4 EEL =     28620.4619  VDWAALS    =     78840.1043
 EELEC  =   -599453.4768  EHBOND  =         0.0000  RESTRAINT  =         0.0000
 CMAP   =       590.6283
 Ewald error estimate:   0.2095E-03
 ------------------------------------------------------------------------------

 NMR restraints: Bond =    0.000   Angle =     0.000   Torsion =     0.000
===============================================================================

      R M S  F L U C T U A T I O N S


 NSTEP =    25000   TIME(PS) =      50.000  TEMP(K) =    83.00  PRESS =     0.0
 Etot   =     52808.4525  EKtot   =     23010.6194  EPtot      =     30252.1388
 BOND   =       503.5313  ANGLE   =      1202.5686  DIHED      =       288.8729
 1-4 NB =        84.3633  1-4 EEL =        56.0808  VDWAALS    =     12241.9859
 EELEC  =     40505.3553  EHBOND  =         0.0000  RESTRAINT  =         0.0000
 CMAP   =        16.0562
 Ewald error estimate:   0.1112E-03
 ------------------------------------------------------------------------------


 NMR restraints on final step:


--------------------------------------------------------------------------------
   5.  TIMINGS
--------------------------------------------------------------------------------

|>>>>>>>>PROFILE of Average TIMES>>>>>>>>> 
|                Build the list            52.46 (33.90% of List )
|                Other                    102.31 (66.10% of List )
|             List time                154.77 (14.86% of Nonbo)
|                   Short_ene time           158.98 (45.60% of Direc)
|                   Other                    189.66 (54.40% of Direc)
|                Direct Ewald time        348.64 (39.32% of Ewald)
|                Adjust Ewald time          1.56 ( 0.18% of Ewald)
|                   Fill Bspline coeffs       52.97 (14.64% of Recip)
|                   Fill charge grid           7.40 ( 2.04% of Recip)
|                   Scalar sum                 6.39 ( 1.77% of Recip)
|                   Grad sum                  16.18 ( 4.47% of Recip)
|                      FFT back comm time       192.53 (73.53% of FFT t)
|                      Other                     69.32 (26.47% of FFT t)
|                   FFT time                 261.85 (72.36% of Recip)
|                   Other                     17.07 ( 4.72% of Recip)
|                Recip Ewald time         361.86 (40.81% of Ewald)
|                Force Adjust              74.26 ( 8.37% of Ewald)
|                Virial junk               98.94 (11.16% of Ewald)
|                Other                      1.40 ( 0.16% of Ewald)
|             Ewald time               886.73 (85.12% of Nonbo)
|             Other                      0.17 ( 0.02% of Nonbo)
|          Nonbond force           1041.69 (79.97% of Force)
|          Bond/Angle/Dihedral        3.63 ( 0.28% of Force)
|          FRC Collect time         183.87 (14.11% of Force)
|          Other                     73.49 ( 5.64% of Force)
|       Force time              1302.69 (75.45% of Runmd)
|       Shake time                 9.86 ( 0.57% of Runmd)
|       Verlet update time        40.22 ( 2.33% of Runmd)
|       CRD distribute time      124.37 ( 7.20% of Runmd)
|       Other                    249.36 (14.44% of Runmd)
|    Runmd Time              1726.50 (100.0% of Total)
|    Other                      1.53 ( 0.09% of Total)
| Total time              1728.03 (100.0% of ALL  )

| Number of list builds   :       1809

| Highest rstack allocated:     237095
| Highest istack allocated:       6755

| Final Performance Info:
| -----------------------------------------------------
| Average timings for all steps:
|     Elapsed(s) =    1726.63 Per Step(ms) =      69.07
|         ns/day =       2.50   seconds/ns =   34532.51
| -----------------------------------------------------

|           Job began  at 10:31:50.835  on 10/13/2023
|           Setup done at 10:31:52.360  on 10/13/2023
|           Run   done at 11:00:38.974  on 10/13/2023
|     wallclock() was called 1378725 times

|3D-RISM memory allocation summary
|Type          Maximum        Current   
|Integer       0.00000 GB     0.00000 GB
|Real          0.00000 GB     0.00000 GB
|Logical       0.00000 GB     0.00000 GB
|Character     0.00000 GB     0.00000 GB
|---------------------------------------
|Total         0.00000 GB     0.00000 GB
