Loading and checking parameter files for compatibility...
cpptraj found! Using /cvmfs/sling.si/modules/el7/software/Amber/22.0-foss-2021b-AmberTools-22.3/bin/cpptraj
mmpbsa_py_energy found! Using /cvmfs/sling.si/modules/el7/software/Amber/22.0-foss-2021b-AmberTools-22.3/bin/mmpbsa_py_energy
Preparing trajectories for simulation...
[1697310580.007873] [cn0147:196965:0]           ib_md.c:1225 UCX  WARN  IB: ibv_fork_init() was disabled or failed, yet a fork() has been issued.
[1697310580.007893] [cn0147:196965:0]           ib_md.c:1226 UCX  WARN  IB: data corruption might occur when using registered memory.
[1697310580.474330] [cn0147:196965:0]           ib_md.c:1225 UCX  WARN  IB: ibv_fork_init() was disabled or failed, yet a fork() has been issued.
[1697310580.474354] [cn0147:196965:0]           ib_md.c:1226 UCX  WARN  IB: data corruption might occur when using registered memory.
[1697310580.761101] [cn0147:196965:0]           ib_md.c:1225 UCX  WARN  IB: ibv_fork_init() was disabled or failed, yet a fork() has been issued.
[1697310580.761123] [cn0147:196965:0]           ib_md.c:1226 UCX  WARN  IB: data corruption might occur when using registered memory.
[1697310581.040677] [cn0147:196965:0]           ib_md.c:1225 UCX  WARN  IB: ibv_fork_init() was disabled or failed, yet a fork() has been issued.
[1697310581.040707] [cn0147:196965:0]           ib_md.c:1226 UCX  WARN  IB: data corruption might occur when using registered memory.
[1697310581.309762] [cn0147:196965:0]           ib_md.c:1225 UCX  WARN  IB: ibv_fork_init() was disabled or failed, yet a fork() has been issued.
[1697310581.309787] [cn0147:196965:0]           ib_md.c:1226 UCX  WARN  IB: data corruption might occur when using registered memory.
[1697310581.596962] [cn0147:196965:0]           ib_md.c:1225 UCX  WARN  IB: ibv_fork_init() was disabled or failed, yet a fork() has been issued.
[1697310581.596981] [cn0147:196965:0]           ib_md.c:1226 UCX  WARN  IB: data corruption might occur when using registered memory.
[1697310581.872981] [cn0147:196965:0]           ib_md.c:1225 UCX  WARN  IB: ibv_fork_init() was disabled or failed, yet a fork() has been issued.
[1697310581.873000] [cn0147:196965:0]           ib_md.c:1226 UCX  WARN  IB: data corruption might occur when using registered memory.
[1697310587.674337] [cn0147:196965:0]           ib_md.c:1225 UCX  WARN  IB: ibv_fork_init() was disabled or failed, yet a fork() has been issued.
[1697310587.674361] [cn0147:196965:0]           ib_md.c:1226 UCX  WARN  IB: data corruption might occur when using registered memory.
50 frames were processed by cpptraj for use in calculation.

Running calculations on normal system...

Beginning GB calculations with /cvmfs/sling.si/modules/el7/software/Amber/22.0-foss-2021b-AmberTools-22.3/bin/mmpbsa_py_energy
  calculating complex contribution...
[1697310589.383976] [cn0147:196965:0]           ib_md.c:1225 UCX  WARN  IB: ibv_fork_init() was disabled or failed, yet a fork() has been issued.
[1697310589.383989] [cn0147:196965:0]           ib_md.c:1226 UCX  WARN  IB: data corruption might occur when using registered memory.
[1697310589.383964] [cn0147:196966:0]           ib_md.c:1225 UCX  WARN  IB: ibv_fork_init() was disabled or failed, yet a fork() has been issued.
[1697310589.383989] [cn0147:196966:0]           ib_md.c:1226 UCX  WARN  IB: data corruption might occur when using registered memory.
[1697310589.383947] [cn0147:196967:0]           ib_md.c:1225 UCX  WARN  IB: ibv_fork_init() was disabled or failed, yet a fork() has been issued.
[1697310589.383971] [cn0147:196967:0]           ib_md.c:1226 UCX  WARN  IB: data corruption might occur when using registered memory.
[1697310589.383975] [cn0147:196968:0]           ib_md.c:1225 UCX  WARN  IB: ibv_fork_init() was disabled or failed, yet a fork() has been issued.
[1697310589.383996] [cn0147:196968:0]           ib_md.c:1226 UCX  WARN  IB: data corruption might occur when using registered memory.
[1697310705.412257] [cn0147:196967:0]           ib_md.c:1225 UCX  WARN  IB: ibv_fork_init() was disabled or failed, yet a fork() has been issued.
[1697310705.412286] [cn0147:196967:0]           ib_md.c:1226 UCX  WARN  IB: data corruption might occur when using registered memory.
[1697310705.585256] [cn0147:196968:0]           ib_md.c:1225 UCX  WARN  IB: ibv_fork_init() was disabled or failed, yet a fork() has been issued.
[1697310705.585284] [cn0147:196968:0]           ib_md.c:1226 UCX  WARN  IB: data corruption might occur when using registered memory.
[1697310708.144990] [cn0147:196965:0]           ib_md.c:1225 UCX  WARN  IB: ibv_fork_init() was disabled or failed, yet a fork() has been issued.
[1697310708.145012] [cn0147:196965:0]           ib_md.c:1226 UCX  WARN  IB: data corruption might occur when using registered memory.
[1697310708.160243] [cn0147:196966:0]           ib_md.c:1225 UCX  WARN  IB: ibv_fork_init() was disabled or failed, yet a fork() has been issued.
[1697310708.160270] [cn0147:196966:0]           ib_md.c:1226 UCX  WARN  IB: data corruption might occur when using registered memory.
[1697310708.251182] [cn0147:196967:0]           ib_md.c:1225 UCX  WARN  IB: ibv_fork_init() was disabled or failed, yet a fork() has been issued.
[1697310708.251198] [cn0147:196967:0]           ib_md.c:1226 UCX  WARN  IB: data corruption might occur when using registered memory.
[1697310708.271584] [cn0147:196968:0]           ib_md.c:1225 UCX  WARN  IB: ibv_fork_init() was disabled or failed, yet a fork() has been issued.
[1697310708.271605] [cn0147:196968:0]           ib_md.c:1226 UCX  WARN  IB: data corruption might occur when using registered memory.
  calculating receptor contribution...
[1697310710.437946] [cn0147:196965:0]           ib_md.c:1225 UCX  WARN  IB: ibv_fork_init() was disabled or failed, yet a fork() has been issued.
[1697310710.437960] [cn0147:196965:0]           ib_md.c:1226 UCX  WARN  IB: data corruption might occur when using registered memory.
[1697310710.574220] [cn0147:196966:0]           ib_md.c:1225 UCX  WARN  IB: ibv_fork_init() was disabled or failed, yet a fork() has been issued.
[1697310710.574246] [cn0147:196966:0]           ib_md.c:1226 UCX  WARN  IB: data corruption might occur when using registered memory.
[1697310729.851197] [cn0147:196968:0]           ib_md.c:1225 UCX  WARN  IB: ibv_fork_init() was disabled or failed, yet a fork() has been issued.
[1697310729.851223] [cn0147:196968:0]           ib_md.c:1226 UCX  WARN  IB: data corruption might occur when using registered memory.
[1697310729.997186] [cn0147:196967:0]           ib_md.c:1225 UCX  WARN  IB: ibv_fork_init() was disabled or failed, yet a fork() has been issued.
[1697310729.997205] [cn0147:196967:0]           ib_md.c:1226 UCX  WARN  IB: data corruption might occur when using registered memory.
[1697310731.050996] [cn0147:196968:0]           ib_md.c:1225 UCX  WARN  IB: ibv_fork_init() was disabled or failed, yet a fork() has been issued.
[1697310731.051017] [cn0147:196968:0]           ib_md.c:1226 UCX  WARN  IB: data corruption might occur when using registered memory.
[1697310731.327403] [cn0147:196967:0]           ib_md.c:1225 UCX  WARN  IB: ibv_fork_init() was disabled or failed, yet a fork() has been issued.
[1697310731.327427] [cn0147:196967:0]           ib_md.c:1226 UCX  WARN  IB: data corruption might occur when using registered memory.
[1697310732.483258] [cn0147:196966:0]           ib_md.c:1225 UCX  WARN  IB: ibv_fork_init() was disabled or failed, yet a fork() has been issued.
[1697310732.483284] [cn0147:196966:0]           ib_md.c:1226 UCX  WARN  IB: data corruption might occur when using registered memory.
[1697310733.072442] [cn0147:196965:0]           ib_md.c:1225 UCX  WARN  IB: ibv_fork_init() was disabled or failed, yet a fork() has been issued.
[1697310733.072471] [cn0147:196965:0]           ib_md.c:1226 UCX  WARN  IB: data corruption might occur when using registered memory.
[1697310737.293909] [cn0147:196966:0]           ib_md.c:1225 UCX  WARN  IB: ibv_fork_init() was disabled or failed, yet a fork() has been issued.
[1697310737.293934] [cn0147:196966:0]           ib_md.c:1226 UCX  WARN  IB: data corruption might occur when using registered memory.
  calculating ligand contribution...
[1697310737.426262] [cn0147:196965:0]           ib_md.c:1225 UCX  WARN  IB: ibv_fork_init() was disabled or failed, yet a fork() has been issued.
[1697310737.426275] [cn0147:196965:0]           ib_md.c:1226 UCX  WARN  IB: data corruption might occur when using registered memory.
[1697310774.764227] [cn0147:196968:0]           ib_md.c:1225 UCX  WARN  IB: ibv_fork_init() was disabled or failed, yet a fork() has been issued.
[1697310774.764254] [cn0147:196968:0]           ib_md.c:1226 UCX  WARN  IB: data corruption might occur when using registered memory.
[1697310777.903234] [cn0147:196967:0]           ib_md.c:1225 UCX  WARN  IB: ibv_fork_init() was disabled or failed, yet a fork() has been issued.
[1697310777.903262] [cn0147:196967:0]           ib_md.c:1226 UCX  WARN  IB: data corruption might occur when using registered memory.
[1697310780.570501] [cn0147:196967:0]           ib_md.c:1225 UCX  WARN  IB: ibv_fork_init() was disabled or failed, yet a fork() has been issued.
[1697310780.570524] [cn0147:196967:0]           ib_md.c:1226 UCX  WARN  IB: data corruption might occur when using registered memory.
[1697310780.578839] [cn0147:196968:0]           ib_md.c:1225 UCX  WARN  IB: ibv_fork_init() was disabled or failed, yet a fork() has been issued.
[1697310780.578868] [cn0147:196968:0]           ib_md.c:1226 UCX  WARN  IB: data corruption might occur when using registered memory.
[1697310783.864726] [cn0147:196965:0]           ib_md.c:1225 UCX  WARN  IB: ibv_fork_init() was disabled or failed, yet a fork() has been issued.
[1697310783.864752] [cn0147:196965:0]           ib_md.c:1226 UCX  WARN  IB: data corruption might occur when using registered memory.
[1697310784.206960] [cn0147:196966:0]           ib_md.c:1225 UCX  WARN  IB: ibv_fork_init() was disabled or failed, yet a fork() has been issued.
[1697310784.206987] [cn0147:196966:0]           ib_md.c:1226 UCX  WARN  IB: data corruption might occur when using registered memory.

Beginning PB calculations with /cvmfs/sling.si/modules/el7/software/Amber/22.0-foss-2021b-AmberTools-22.3/bin/mmpbsa_py_energy
  calculating complex contribution...
[1697310786.653529] [cn0147:196965:0]           ib_md.c:1225 UCX  WARN  IB: ibv_fork_init() was disabled or failed, yet a fork() has been issued.
[1697310786.653543] [cn0147:196965:0]           ib_md.c:1226 UCX  WARN  IB: data corruption might occur when using registered memory.
[1697310786.671216] [cn0147:196966:0]           ib_md.c:1225 UCX  WARN  IB: ibv_fork_init() was disabled or failed, yet a fork() has been issued.
[1697310786.671236] [cn0147:196966:0]           ib_md.c:1226 UCX  WARN  IB: data corruption might occur when using registered memory.
